<?xml version="1.0" encoding="UTF-8"?>
<!-- Generated by org.testng.reporters.JUnitXMLReporter -->
<testsuite hostname="Shashwat-PC" ignored="2" name="Command line test" tests="47" failures="0" timestamp="29 Sep 2019 06:04:15 GMT" time="390.429" errors="0">
  <testcase name="test1" time="0.738" classname="basePackage.Test1"/>
  <testcase name="test1" time="0.767" classname="basePackage.Test1"/>
  <testcase name="test1" time="0.772" classname="basePackage.Test1"/>
  <testcase name="test1" time="0.756" classname="basePackage.Test1"/>
  <testcase name="test1" time="0.967" classname="basePackage.Test1"/>
  <testcase name="test1" time="0.808" classname="basePackage.Test1"/>
  <testcase name="test1" time="0.728" classname="basePackage.Test1"/>
  <testcase name="test1" time="0.8" classname="basePackage.Test1"/>
  <testcase name="test1" time="0.893" classname="basePackage.Test1"/>
  <testcase name="test1" time="0.793" classname="basePackage.Test1"/>
  <testcase name="test1" time="0.866" classname="basePackage.Test1"/>
  <testcase name="test1" time="0.766" classname="basePackage.Test1"/>
  <testcase name="test1" time="0.739" classname="basePackage.Test1"/>
  <testcase name="test1" time="0.747" classname="basePackage.Test1"/>
  <testcase name="test1" time="0.772" classname="basePackage.Test1"/>
  <testcase name="test1" time="0.794" classname="basePackage.Test1"/>
  <testcase name="test1" time="0.817" classname="basePackage.Test1"/>
  <testcase name="test1" time="0.749" classname="basePackage.Test1"/>
  <testcase name="test1" time="0.767" classname="basePackage.Test1"/>
  <testcase name="test1" time="0.843" classname="basePackage.Test1"/>
  <testcase name="test1" time="0.745" classname="basePackage.Test1"/>
  <testcase name="test1" time="0.774" classname="basePackage.Test1"/>
  <testcase name="test1" time="0.776" classname="basePackage.Test1"/>
  <testcase name="test1" time="0.921" classname="basePackage.Test1"/>
  <testcase name="test1" time="0.788" classname="basePackage.Test1"/>
  <testcase name="test1" time="0.734" classname="basePackage.Test1"/>
  <testcase name="test1" time="0.79" classname="basePackage.Test1"/>
  <testcase name="test1" time="0.815" classname="basePackage.Test1"/>
  <testcase name="test1" time="0.826" classname="basePackage.Test1"/>
  <testcase name="test1" time="0.811" classname="basePackage.Test1"/>
  <testcase name="test1" time="0.708" classname="basePackage.Test1"/>
  <testcase name="test1" time="0.821" classname="basePackage.Test1"/>
  <testcase name="test1" time="0.78" classname="basePackage.Test1"/>
  <testcase name="test1" time="0.771" classname="basePackage.Test1"/>
  <testcase name="test1" time="0.689" classname="basePackage.Test1"/>
  <testcase name="test1" time="0.72" classname="basePackage.Test1"/>
  <testcase name="test1" time="0.787" classname="basePackage.Test1"/>
  <testcase name="test1" time="0.724" classname="basePackage.Test1"/>
  <testcase name="test1" time="0.766" classname="basePackage.Test1"/>
  <testcase name="test1" time="0.779" classname="basePackage.Test1"/>
  <testcase name="test1" time="0.852" classname="basePackage.Test1"/>
  <testcase name="test1" time="0.805" classname="basePackage.Test1"/>
  <testcase name="test1" time="0.847" classname="basePackage.Test1"/>
  <testcase name="test1" time="0.808" classname="basePackage.Test1"/>
  <testcase name="test1" time="0.802" classname="basePackage.Test1"/>
  <testcase name="test1" time="0.871" classname="basePackage.Test1"/>
  <testcase name="test1" time="0.9" classname="basePackage.Test1"/>
  <testcase name="@BeforeSuite beforeSuite" time="0.0" classname="basePackage.BaseTest">
    <ignored/>
  </testcase> <!-- @BeforeSuite beforeSuite -->
  <testcase name="@AfterSuite afterSuite" time="0.0" classname="basePackage.BaseTest">
    <ignored/>
  </testcase> <!-- @AfterSuite afterSuite -->
</testsuite> <!-- Command line test -->
