<?xml version="1.0" encoding="UTF-8"?>
<!-- Generated by org.testng.reporters.JUnitXMLReporter -->
<testsuite hostname="Shashwat-PC" ignored="0" name="Default test" tests="47" failures="0" timestamp="29 Sep 2019 06:38:59 GMT" time="377.513" errors="0">
  <testcase name="test1" time="0.794" classname="basePackage.Test1"/>
  <testcase name="test1" time="0.714" classname="basePackage.Test1"/>
  <testcase name="test1" time="0.826" classname="basePackage.Test1"/>
  <testcase name="test1" time="0.822" classname="basePackage.Test1"/>
  <testcase name="test1" time="0.73" classname="basePackage.Test1"/>
  <testcase name="test1" time="0.733" classname="basePackage.Test1"/>
  <testcase name="test1" time="0.7" classname="basePackage.Test1"/>
  <testcase name="test1" time="0.754" classname="basePackage.Test1"/>
  <testcase name="test1" time="0.726" classname="basePackage.Test1"/>
  <testcase name="test1" time="0.743" classname="basePackage.Test1"/>
  <testcase name="test1" time="0.757" classname="basePackage.Test1"/>
  <testcase name="test1" time="0.709" classname="basePackage.Test1"/>
  <testcase name="test1" time="0.75" classname="basePackage.Test1"/>
  <testcase name="test1" time="0.744" classname="basePackage.Test1"/>
  <testcase name="test1" time="0.702" classname="basePackage.Test1"/>
  <testcase name="test1" time="0.733" classname="basePackage.Test1"/>
  <testcase name="test1" time="0.741" classname="basePackage.Test1"/>
  <testcase name="test1" time="0.811" classname="basePackage.Test1"/>
  <testcase name="test1" time="0.658" classname="basePackage.Test1"/>
  <testcase name="test1" time="0.763" classname="basePackage.Test1"/>
  <testcase name="test1" time="0.74" classname="basePackage.Test1"/>
  <testcase name="test1" time="0.813" classname="basePackage.Test1"/>
  <testcase name="test1" time="0.768" classname="basePackage.Test1"/>
  <testcase name="test1" time="0.808" classname="basePackage.Test1"/>
  <testcase name="test1" time="0.814" classname="basePackage.Test1"/>
  <testcase name="test1" time="0.7" classname="basePackage.Test1"/>
  <testcase name="test1" time="0.734" classname="basePackage.Test1"/>
  <testcase name="test1" time="0.74" classname="basePackage.Test1"/>
  <testcase name="test1" time="0.716" classname="basePackage.Test1"/>
  <testcase name="test1" time="0.776" classname="basePackage.Test1"/>
  <testcase name="test1" time="0.803" classname="basePackage.Test1"/>
  <testcase name="test1" time="0.811" classname="basePackage.Test1"/>
  <testcase name="test1" time="0.676" classname="basePackage.Test1"/>
  <testcase name="test1" time="0.823" classname="basePackage.Test1"/>
  <testcase name="test1" time="0.639" classname="basePackage.Test1"/>
  <testcase name="test1" time="0.748" classname="basePackage.Test1"/>
  <testcase name="test1" time="0.683" classname="basePackage.Test1"/>
  <testcase name="test1" time="0.755" classname="basePackage.Test1"/>
  <testcase name="test1" time="0.683" classname="basePackage.Test1"/>
  <testcase name="test1" time="0.705" classname="basePackage.Test1"/>
  <testcase name="test1" time="0.696" classname="basePackage.Test1"/>
  <testcase name="test1" time="0.819" classname="basePackage.Test1"/>
  <testcase name="test1" time="0.747" classname="basePackage.Test1"/>
  <testcase name="test1" time="0.78" classname="basePackage.Test1"/>
  <testcase name="test1" time="0.747" classname="basePackage.Test1"/>
  <testcase name="test1" time="0.712" classname="basePackage.Test1"/>
  <testcase name="test1" time="0.725" classname="basePackage.Test1"/>
</testsuite> <!-- Default test -->
