<?xml version="1.0" encoding="UTF-8"?>
<testng-results skipped="0" failed="0" ignored="0" total="47" passed="47">
  <reporter-output>
  </reporter-output>
  <suite name="Default suite" duration-ms="377513" started-at="2019-09-29T06:32:41Z" finished-at="2019-09-29T06:38:59Z">
    <groups>
    </groups>
    <test name="Default test" duration-ms="377513" started-at="2019-09-29T06:32:41Z" finished-at="2019-09-29T06:38:59Z">
      <class name="basePackage.Test1">
        <test-method status="PASS" signature="beforeSuite()[pri:0, instance:basePackage.Test1@57baeedf]" name="beforeSuite" is-config="true" duration-ms="157" started-at="2019-09-29T06:32:41Z" finished-at="2019-09-29T06:32:41Z">
          <reporter-output>
          </reporter-output>
        </test-method> <!-- beforeSuite -->
        <test-method status="PASS" signature="beforeMethod()[pri:0, instance:basePackage.Test1@57baeedf]" name="beforeMethod" is-config="true" duration-ms="7046" started-at="2019-09-29T06:32:42Z" finished-at="2019-09-29T06:32:49Z">
          <reporter-output>
          </reporter-output>
        </test-method> <!-- beforeMethod -->
        <test-method status="PASS" signature="test1(java.lang.String, java.lang.String)[pri:0, instance:basePackage.Test1@57baeedf]" name="test1" duration-ms="794" started-at="2019-09-29T06:32:49Z" data-provider="getData" finished-at="2019-09-29T06:32:50Z">
          <params>
            <param index="0">
              <value>
                <![CDATA[shash]]>
              </value>
            </param>
            <param index="1">
              <value>
                <![CDATA[passw]]>
              </value>
            </param>
          </params>
          <reporter-output>
          </reporter-output>
        </test-method> <!-- test1 -->
        <test-method status="PASS" signature="afterClass(org.testng.ITestResult)[pri:0, instance:basePackage.Test1@57baeedf]" name="afterClass" is-config="true" duration-ms="643" started-at="2019-09-29T06:32:50Z" finished-at="2019-09-29T06:32:50Z">
          <params>
            <param index="0">
              <value>
                <![CDATA[[TestResult name=test1 status=SUCCESS method=Test1.test1(java.lang.String, java.lang.String)[pri:0, instance:basePackage.Test1@57baeedf] output={null}]]]>
              </value>
            </param>
          </params>
          <reporter-output>
          </reporter-output>
        </test-method> <!-- afterClass -->
        <test-method status="PASS" signature="beforeMethod()[pri:0, instance:basePackage.Test1@57baeedf]" name="beforeMethod" is-config="true" duration-ms="6809" started-at="2019-09-29T06:32:50Z" finished-at="2019-09-29T06:32:57Z">
          <reporter-output>
          </reporter-output>
        </test-method> <!-- beforeMethod -->
        <test-method status="PASS" signature="test1(java.lang.String, java.lang.String)[pri:0, instance:basePackage.Test1@57baeedf]" name="test1" duration-ms="714" started-at="2019-09-29T06:32:57Z" data-provider="getData" finished-at="2019-09-29T06:32:58Z">
          <params>
            <param index="0">
              <value>
                <![CDATA[shash]]>
              </value>
            </param>
            <param index="1">
              <value>
                <![CDATA[passwo]]>
              </value>
            </param>
          </params>
          <reporter-output>
          </reporter-output>
        </test-method> <!-- test1 -->
        <test-method status="PASS" signature="afterClass(org.testng.ITestResult)[pri:0, instance:basePackage.Test1@57baeedf]" name="afterClass" is-config="true" duration-ms="689" started-at="2019-09-29T06:32:58Z" finished-at="2019-09-29T06:32:59Z">
          <params>
            <param index="0">
              <value>
                <![CDATA[[TestResult name=test1 status=SUCCESS method=Test1.test1(java.lang.String, java.lang.String)[pri:0, instance:basePackage.Test1@57baeedf] output={null}]]]>
              </value>
            </param>
          </params>
          <reporter-output>
          </reporter-output>
        </test-method> <!-- afterClass -->
        <test-method status="PASS" signature="beforeMethod()[pri:0, instance:basePackage.Test1@57baeedf]" name="beforeMethod" is-config="true" duration-ms="7402" started-at="2019-09-29T06:32:59Z" finished-at="2019-09-29T06:33:06Z">
          <reporter-output>
          </reporter-output>
        </test-method> <!-- beforeMethod -->
        <test-method status="PASS" signature="test1(java.lang.String, java.lang.String)[pri:0, instance:basePackage.Test1@57baeedf]" name="test1" duration-ms="826" started-at="2019-09-29T06:33:06Z" data-provider="getData" finished-at="2019-09-29T06:33:07Z">
          <params>
            <param index="0">
              <value>
                <![CDATA[shash]]>
              </value>
            </param>
            <param index="1">
              <value>
                <![CDATA[password]]>
              </value>
            </param>
          </params>
          <reporter-output>
          </reporter-output>
        </test-method> <!-- test1 -->
        <test-method status="PASS" signature="afterClass(org.testng.ITestResult)[pri:0, instance:basePackage.Test1@57baeedf]" name="afterClass" is-config="true" duration-ms="1083" started-at="2019-09-29T06:33:07Z" finished-at="2019-09-29T06:33:08Z">
          <params>
            <param index="0">
              <value>
                <![CDATA[[TestResult name=test1 status=SUCCESS method=Test1.test1(java.lang.String, java.lang.String)[pri:0, instance:basePackage.Test1@57baeedf] output={null}]]]>
              </value>
            </param>
          </params>
          <reporter-output>
          </reporter-output>
        </test-method> <!-- afterClass -->
        <test-method status="PASS" signature="beforeMethod()[pri:0, instance:basePackage.Test1@57baeedf]" name="beforeMethod" is-config="true" duration-ms="6247" started-at="2019-09-29T06:33:08Z" finished-at="2019-09-29T06:33:14Z">
          <reporter-output>
          </reporter-output>
        </test-method> <!-- beforeMethod -->
        <test-method status="PASS" signature="test1(java.lang.String, java.lang.String)[pri:0, instance:basePackage.Test1@57baeedf]" name="test1" duration-ms="822" started-at="2019-09-29T06:33:14Z" data-provider="getData" finished-at="2019-09-29T06:33:15Z">
          <params>
            <param index="0">
              <value>
                <![CDATA[shash]]>
              </value>
            </param>
            <param index="1">
              <value>
                <![CDATA[password1]]>
              </value>
            </param>
          </params>
          <reporter-output>
          </reporter-output>
        </test-method> <!-- test1 -->
        <test-method status="PASS" signature="afterClass(org.testng.ITestResult)[pri:0, instance:basePackage.Test1@57baeedf]" name="afterClass" is-config="true" duration-ms="645" started-at="2019-09-29T06:33:15Z" finished-at="2019-09-29T06:33:16Z">
          <params>
            <param index="0">
              <value>
                <![CDATA[[TestResult name=test1 status=SUCCESS method=Test1.test1(java.lang.String, java.lang.String)[pri:0, instance:basePackage.Test1@57baeedf] output={null}]]]>
              </value>
            </param>
          </params>
          <reporter-output>
          </reporter-output>
        </test-method> <!-- afterClass -->
        <test-method status="PASS" signature="beforeMethod()[pri:0, instance:basePackage.Test1@57baeedf]" name="beforeMethod" is-config="true" duration-ms="6165" started-at="2019-09-29T06:33:16Z" finished-at="2019-09-29T06:33:22Z">
          <reporter-output>
          </reporter-output>
        </test-method> <!-- beforeMethod -->
        <test-method status="PASS" signature="test1(java.lang.String, java.lang.String)[pri:0, instance:basePackage.Test1@57baeedf]" name="test1" duration-ms="730" started-at="2019-09-29T06:33:22Z" data-provider="getData" finished-at="2019-09-29T06:33:23Z">
          <params>
            <param index="0">
              <value>
                <![CDATA[shash]]>
              </value>
            </param>
            <param index="1">
              <value>
                <![CDATA[pas]]>
              </value>
            </param>
          </params>
          <reporter-output>
          </reporter-output>
        </test-method> <!-- test1 -->
        <test-method status="PASS" signature="afterClass(org.testng.ITestResult)[pri:0, instance:basePackage.Test1@57baeedf]" name="afterClass" is-config="true" duration-ms="637" started-at="2019-09-29T06:33:23Z" finished-at="2019-09-29T06:33:23Z">
          <params>
            <param index="0">
              <value>
                <![CDATA[[TestResult name=test1 status=SUCCESS method=Test1.test1(java.lang.String, java.lang.String)[pri:0, instance:basePackage.Test1@57baeedf] output={null}]]]>
              </value>
            </param>
          </params>
          <reporter-output>
          </reporter-output>
        </test-method> <!-- afterClass -->
        <test-method status="PASS" signature="beforeMethod()[pri:0, instance:basePackage.Test1@57baeedf]" name="beforeMethod" is-config="true" duration-ms="6292" started-at="2019-09-29T06:33:23Z" finished-at="2019-09-29T06:33:29Z">
          <reporter-output>
          </reporter-output>
        </test-method> <!-- beforeMethod -->
        <test-method status="PASS" signature="test1(java.lang.String, java.lang.String)[pri:0, instance:basePackage.Test1@57baeedf]" name="test1" duration-ms="733" started-at="2019-09-29T06:33:29Z" data-provider="getData" finished-at="2019-09-29T06:33:30Z">
          <params>
            <param index="0">
              <value>
                <![CDATA[shash]]>
              </value>
            </param>
            <param index="1">
              <value>
                <![CDATA[password11]]>
              </value>
            </param>
          </params>
          <reporter-output>
          </reporter-output>
        </test-method> <!-- test1 -->
        <test-method status="PASS" signature="afterClass(org.testng.ITestResult)[pri:0, instance:basePackage.Test1@57baeedf]" name="afterClass" is-config="true" duration-ms="789" started-at="2019-09-29T06:33:30Z" finished-at="2019-09-29T06:33:31Z">
          <params>
            <param index="0">
              <value>
                <![CDATA[[TestResult name=test1 status=SUCCESS method=Test1.test1(java.lang.String, java.lang.String)[pri:0, instance:basePackage.Test1@57baeedf] output={null}]]]>
              </value>
            </param>
          </params>
          <reporter-output>
          </reporter-output>
        </test-method> <!-- afterClass -->
        <test-method status="PASS" signature="beforeMethod()[pri:0, instance:basePackage.Test1@57baeedf]" name="beforeMethod" is-config="true" duration-ms="6116" started-at="2019-09-29T06:33:31Z" finished-at="2019-09-29T06:33:37Z">
          <reporter-output>
          </reporter-output>
        </test-method> <!-- beforeMethod -->
        <test-method status="PASS" signature="test1(java.lang.String, java.lang.String)[pri:0, instance:basePackage.Test1@57baeedf]" name="test1" duration-ms="700" started-at="2019-09-29T06:33:37Z" data-provider="getData" finished-at="2019-09-29T06:33:38Z">
          <params>
            <param index="0">
              <value>
                <![CDATA[shasha]]>
              </value>
            </param>
            <param index="1">
              <value>
                <![CDATA[pass]]>
              </value>
            </param>
          </params>
          <reporter-output>
          </reporter-output>
        </test-method> <!-- test1 -->
        <test-method status="PASS" signature="afterClass(org.testng.ITestResult)[pri:0, instance:basePackage.Test1@57baeedf]" name="afterClass" is-config="true" duration-ms="662" started-at="2019-09-29T06:33:38Z" finished-at="2019-09-29T06:33:38Z">
          <params>
            <param index="0">
              <value>
                <![CDATA[[TestResult name=test1 status=SUCCESS method=Test1.test1(java.lang.String, java.lang.String)[pri:0, instance:basePackage.Test1@57baeedf] output={null}]]]>
              </value>
            </param>
          </params>
          <reporter-output>
          </reporter-output>
        </test-method> <!-- afterClass -->
        <test-method status="PASS" signature="beforeMethod()[pri:0, instance:basePackage.Test1@57baeedf]" name="beforeMethod" is-config="true" duration-ms="7134" started-at="2019-09-29T06:33:38Z" finished-at="2019-09-29T06:33:46Z">
          <reporter-output>
          </reporter-output>
        </test-method> <!-- beforeMethod -->
        <test-method status="PASS" signature="test1(java.lang.String, java.lang.String)[pri:0, instance:basePackage.Test1@57baeedf]" name="test1" duration-ms="754" started-at="2019-09-29T06:33:46Z" data-provider="getData" finished-at="2019-09-29T06:33:46Z">
          <params>
            <param index="0">
              <value>
                <![CDATA[shasha]]>
              </value>
            </param>
            <param index="1">
              <value>
                <![CDATA[passw]]>
              </value>
            </param>
          </params>
          <reporter-output>
          </reporter-output>
        </test-method> <!-- test1 -->
        <test-method status="PASS" signature="afterClass(org.testng.ITestResult)[pri:0, instance:basePackage.Test1@57baeedf]" name="afterClass" is-config="true" duration-ms="674" started-at="2019-09-29T06:33:46Z" finished-at="2019-09-29T06:33:47Z">
          <params>
            <param index="0">
              <value>
                <![CDATA[[TestResult name=test1 status=SUCCESS method=Test1.test1(java.lang.String, java.lang.String)[pri:0, instance:basePackage.Test1@57baeedf] output={null}]]]>
              </value>
            </param>
          </params>
          <reporter-output>
          </reporter-output>
        </test-method> <!-- afterClass -->
        <test-method status="PASS" signature="beforeMethod()[pri:0, instance:basePackage.Test1@57baeedf]" name="beforeMethod" is-config="true" duration-ms="6666" started-at="2019-09-29T06:33:47Z" finished-at="2019-09-29T06:33:54Z">
          <reporter-output>
          </reporter-output>
        </test-method> <!-- beforeMethod -->
        <test-method status="PASS" signature="test1(java.lang.String, java.lang.String)[pri:0, instance:basePackage.Test1@57baeedf]" name="test1" duration-ms="726" started-at="2019-09-29T06:33:54Z" data-provider="getData" finished-at="2019-09-29T06:33:54Z">
          <params>
            <param index="0">
              <value>
                <![CDATA[shasha]]>
              </value>
            </param>
            <param index="1">
              <value>
                <![CDATA[passwo]]>
              </value>
            </param>
          </params>
          <reporter-output>
          </reporter-output>
        </test-method> <!-- test1 -->
        <test-method status="PASS" signature="afterClass(org.testng.ITestResult)[pri:0, instance:basePackage.Test1@57baeedf]" name="afterClass" is-config="true" duration-ms="688" started-at="2019-09-29T06:33:54Z" finished-at="2019-09-29T06:33:55Z">
          <params>
            <param index="0">
              <value>
                <![CDATA[[TestResult name=test1 status=SUCCESS method=Test1.test1(java.lang.String, java.lang.String)[pri:0, instance:basePackage.Test1@57baeedf] output={null}]]]>
              </value>
            </param>
          </params>
          <reporter-output>
          </reporter-output>
        </test-method> <!-- afterClass -->
        <test-method status="PASS" signature="beforeMethod()[pri:0, instance:basePackage.Test1@57baeedf]" name="beforeMethod" is-config="true" duration-ms="6070" started-at="2019-09-29T06:33:55Z" finished-at="2019-09-29T06:34:01Z">
          <reporter-output>
          </reporter-output>
        </test-method> <!-- beforeMethod -->
        <test-method status="PASS" signature="test1(java.lang.String, java.lang.String)[pri:0, instance:basePackage.Test1@57baeedf]" name="test1" duration-ms="743" started-at="2019-09-29T06:34:01Z" data-provider="getData" finished-at="2019-09-29T06:34:02Z">
          <params>
            <param index="0">
              <value>
                <![CDATA[shasha]]>
              </value>
            </param>
            <param index="1">
              <value>
                <![CDATA[password]]>
              </value>
            </param>
          </params>
          <reporter-output>
          </reporter-output>
        </test-method> <!-- test1 -->
        <test-method status="PASS" signature="afterClass(org.testng.ITestResult)[pri:0, instance:basePackage.Test1@57baeedf]" name="afterClass" is-config="true" duration-ms="659" started-at="2019-09-29T06:34:02Z" finished-at="2019-09-29T06:34:03Z">
          <params>
            <param index="0">
              <value>
                <![CDATA[[TestResult name=test1 status=SUCCESS method=Test1.test1(java.lang.String, java.lang.String)[pri:0, instance:basePackage.Test1@57baeedf] output={null}]]]>
              </value>
            </param>
          </params>
          <reporter-output>
          </reporter-output>
        </test-method> <!-- afterClass -->
        <test-method status="PASS" signature="beforeMethod()[pri:0, instance:basePackage.Test1@57baeedf]" name="beforeMethod" is-config="true" duration-ms="7998" started-at="2019-09-29T06:34:03Z" finished-at="2019-09-29T06:34:11Z">
          <reporter-output>
          </reporter-output>
        </test-method> <!-- beforeMethod -->
        <test-method status="PASS" signature="test1(java.lang.String, java.lang.String)[pri:0, instance:basePackage.Test1@57baeedf]" name="test1" duration-ms="757" started-at="2019-09-29T06:34:11Z" data-provider="getData" finished-at="2019-09-29T06:34:11Z">
          <params>
            <param index="0">
              <value>
                <![CDATA[shasha]]>
              </value>
            </param>
            <param index="1">
              <value>
                <![CDATA[password1]]>
              </value>
            </param>
          </params>
          <reporter-output>
          </reporter-output>
        </test-method> <!-- test1 -->
        <test-method status="PASS" signature="afterClass(org.testng.ITestResult)[pri:0, instance:basePackage.Test1@57baeedf]" name="afterClass" is-config="true" duration-ms="658" started-at="2019-09-29T06:34:11Z" finished-at="2019-09-29T06:34:12Z">
          <params>
            <param index="0">
              <value>
                <![CDATA[[TestResult name=test1 status=SUCCESS method=Test1.test1(java.lang.String, java.lang.String)[pri:0, instance:basePackage.Test1@57baeedf] output={null}]]]>
              </value>
            </param>
          </params>
          <reporter-output>
          </reporter-output>
        </test-method> <!-- afterClass -->
        <test-method status="PASS" signature="beforeMethod()[pri:0, instance:basePackage.Test1@57baeedf]" name="beforeMethod" is-config="true" duration-ms="6544" started-at="2019-09-29T06:34:12Z" finished-at="2019-09-29T06:34:19Z">
          <reporter-output>
          </reporter-output>
        </test-method> <!-- beforeMethod -->
        <test-method status="PASS" signature="test1(java.lang.String, java.lang.String)[pri:0, instance:basePackage.Test1@57baeedf]" name="test1" duration-ms="709" started-at="2019-09-29T06:34:19Z" data-provider="getData" finished-at="2019-09-29T06:34:19Z">
          <params>
            <param index="0">
              <value>
                <![CDATA[shasha]]>
              </value>
            </param>
            <param index="1">
              <value>
                <![CDATA[pas]]>
              </value>
            </param>
          </params>
          <reporter-output>
          </reporter-output>
        </test-method> <!-- test1 -->
        <test-method status="PASS" signature="afterClass(org.testng.ITestResult)[pri:0, instance:basePackage.Test1@57baeedf]" name="afterClass" is-config="true" duration-ms="670" started-at="2019-09-29T06:34:19Z" finished-at="2019-09-29T06:34:20Z">
          <params>
            <param index="0">
              <value>
                <![CDATA[[TestResult name=test1 status=SUCCESS method=Test1.test1(java.lang.String, java.lang.String)[pri:0, instance:basePackage.Test1@57baeedf] output={null}]]]>
              </value>
            </param>
          </params>
          <reporter-output>
          </reporter-output>
        </test-method> <!-- afterClass -->
        <test-method status="PASS" signature="beforeMethod()[pri:0, instance:basePackage.Test1@57baeedf]" name="beforeMethod" is-config="true" duration-ms="6294" started-at="2019-09-29T06:34:20Z" finished-at="2019-09-29T06:34:26Z">
          <reporter-output>
          </reporter-output>
        </test-method> <!-- beforeMethod -->
        <test-method status="PASS" signature="test1(java.lang.String, java.lang.String)[pri:0, instance:basePackage.Test1@57baeedf]" name="test1" duration-ms="750" started-at="2019-09-29T06:34:26Z" data-provider="getData" finished-at="2019-09-29T06:34:27Z">
          <params>
            <param index="0">
              <value>
                <![CDATA[shasha]]>
              </value>
            </param>
            <param index="1">
              <value>
                <![CDATA[password11]]>
              </value>
            </param>
          </params>
          <reporter-output>
          </reporter-output>
        </test-method> <!-- test1 -->
        <test-method status="PASS" signature="afterClass(org.testng.ITestResult)[pri:0, instance:basePackage.Test1@57baeedf]" name="afterClass" is-config="true" duration-ms="647" started-at="2019-09-29T06:34:27Z" finished-at="2019-09-29T06:34:28Z">
          <params>
            <param index="0">
              <value>
                <![CDATA[[TestResult name=test1 status=SUCCESS method=Test1.test1(java.lang.String, java.lang.String)[pri:0, instance:basePackage.Test1@57baeedf] output={null}]]]>
              </value>
            </param>
          </params>
          <reporter-output>
          </reporter-output>
        </test-method> <!-- afterClass -->
        <test-method status="PASS" signature="beforeMethod()[pri:0, instance:basePackage.Test1@57baeedf]" name="beforeMethod" is-config="true" duration-ms="6260" started-at="2019-09-29T06:34:28Z" finished-at="2019-09-29T06:34:34Z">
          <reporter-output>
          </reporter-output>
        </test-method> <!-- beforeMethod -->
        <test-method status="PASS" signature="test1(java.lang.String, java.lang.String)[pri:0, instance:basePackage.Test1@57baeedf]" name="test1" duration-ms="744" started-at="2019-09-29T06:34:34Z" data-provider="getData" finished-at="2019-09-29T06:34:35Z">
          <params>
            <param index="0">
              <value>
                <![CDATA[shashank]]>
              </value>
            </param>
            <param index="1">
              <value>
                <![CDATA[pass]]>
              </value>
            </param>
          </params>
          <reporter-output>
          </reporter-output>
        </test-method> <!-- test1 -->
        <test-method status="PASS" signature="afterClass(org.testng.ITestResult)[pri:0, instance:basePackage.Test1@57baeedf]" name="afterClass" is-config="true" duration-ms="664" started-at="2019-09-29T06:34:35Z" finished-at="2019-09-29T06:34:35Z">
          <params>
            <param index="0">
              <value>
                <![CDATA[[TestResult name=test1 status=SUCCESS method=Test1.test1(java.lang.String, java.lang.String)[pri:0, instance:basePackage.Test1@57baeedf] output={null}]]]>
              </value>
            </param>
          </params>
          <reporter-output>
          </reporter-output>
        </test-method> <!-- afterClass -->
        <test-method status="PASS" signature="beforeMethod()[pri:0, instance:basePackage.Test1@57baeedf]" name="beforeMethod" is-config="true" duration-ms="7302" started-at="2019-09-29T06:34:35Z" finished-at="2019-09-29T06:34:43Z">
          <reporter-output>
          </reporter-output>
        </test-method> <!-- beforeMethod -->
        <test-method status="PASS" signature="test1(java.lang.String, java.lang.String)[pri:0, instance:basePackage.Test1@57baeedf]" name="test1" duration-ms="702" started-at="2019-09-29T06:34:43Z" data-provider="getData" finished-at="2019-09-29T06:34:43Z">
          <params>
            <param index="0">
              <value>
                <![CDATA[shashank]]>
              </value>
            </param>
            <param index="1">
              <value>
                <![CDATA[passw]]>
              </value>
            </param>
          </params>
          <reporter-output>
          </reporter-output>
        </test-method> <!-- test1 -->
        <test-method status="PASS" signature="afterClass(org.testng.ITestResult)[pri:0, instance:basePackage.Test1@57baeedf]" name="afterClass" is-config="true" duration-ms="693" started-at="2019-09-29T06:34:43Z" finished-at="2019-09-29T06:34:44Z">
          <params>
            <param index="0">
              <value>
                <![CDATA[[TestResult name=test1 status=SUCCESS method=Test1.test1(java.lang.String, java.lang.String)[pri:0, instance:basePackage.Test1@57baeedf] output={null}]]]>
              </value>
            </param>
          </params>
          <reporter-output>
          </reporter-output>
        </test-method> <!-- afterClass -->
        <test-method status="PASS" signature="beforeMethod()[pri:0, instance:basePackage.Test1@57baeedf]" name="beforeMethod" is-config="true" duration-ms="7816" started-at="2019-09-29T06:34:44Z" finished-at="2019-09-29T06:34:52Z">
          <reporter-output>
          </reporter-output>
        </test-method> <!-- beforeMethod -->
        <test-method status="PASS" signature="test1(java.lang.String, java.lang.String)[pri:0, instance:basePackage.Test1@57baeedf]" name="test1" duration-ms="733" started-at="2019-09-29T06:34:52Z" data-provider="getData" finished-at="2019-09-29T06:34:53Z">
          <params>
            <param index="0">
              <value>
                <![CDATA[shashank]]>
              </value>
            </param>
            <param index="1">
              <value>
                <![CDATA[passwo]]>
              </value>
            </param>
          </params>
          <reporter-output>
          </reporter-output>
        </test-method> <!-- test1 -->
        <test-method status="PASS" signature="afterClass(org.testng.ITestResult)[pri:0, instance:basePackage.Test1@57baeedf]" name="afterClass" is-config="true" duration-ms="688" started-at="2019-09-29T06:34:53Z" finished-at="2019-09-29T06:34:53Z">
          <params>
            <param index="0">
              <value>
                <![CDATA[[TestResult name=test1 status=SUCCESS method=Test1.test1(java.lang.String, java.lang.String)[pri:0, instance:basePackage.Test1@57baeedf] output={null}]]]>
              </value>
            </param>
          </params>
          <reporter-output>
          </reporter-output>
        </test-method> <!-- afterClass -->
        <test-method status="PASS" signature="beforeMethod()[pri:0, instance:basePackage.Test1@57baeedf]" name="beforeMethod" is-config="true" duration-ms="7343" started-at="2019-09-29T06:34:53Z" finished-at="2019-09-29T06:35:01Z">
          <reporter-output>
          </reporter-output>
        </test-method> <!-- beforeMethod -->
        <test-method status="PASS" signature="test1(java.lang.String, java.lang.String)[pri:0, instance:basePackage.Test1@57baeedf]" name="test1" duration-ms="741" started-at="2019-09-29T06:35:01Z" data-provider="getData" finished-at="2019-09-29T06:35:01Z">
          <params>
            <param index="0">
              <value>
                <![CDATA[shashank]]>
              </value>
            </param>
            <param index="1">
              <value>
                <![CDATA[password]]>
              </value>
            </param>
          </params>
          <reporter-output>
          </reporter-output>
        </test-method> <!-- test1 -->
        <test-method status="PASS" signature="afterClass(org.testng.ITestResult)[pri:0, instance:basePackage.Test1@57baeedf]" name="afterClass" is-config="true" duration-ms="686" started-at="2019-09-29T06:35:01Z" finished-at="2019-09-29T06:35:02Z">
          <params>
            <param index="0">
              <value>
                <![CDATA[[TestResult name=test1 status=SUCCESS method=Test1.test1(java.lang.String, java.lang.String)[pri:0, instance:basePackage.Test1@57baeedf] output={null}]]]>
              </value>
            </param>
          </params>
          <reporter-output>
          </reporter-output>
        </test-method> <!-- afterClass -->
        <test-method status="PASS" signature="beforeMethod()[pri:0, instance:basePackage.Test1@57baeedf]" name="beforeMethod" is-config="true" duration-ms="6367" started-at="2019-09-29T06:35:02Z" finished-at="2019-09-29T06:35:08Z">
          <reporter-output>
          </reporter-output>
        </test-method> <!-- beforeMethod -->
        <test-method status="PASS" signature="test1(java.lang.String, java.lang.String)[pri:0, instance:basePackage.Test1@57baeedf]" name="test1" duration-ms="811" started-at="2019-09-29T06:35:08Z" data-provider="getData" finished-at="2019-09-29T06:35:09Z">
          <params>
            <param index="0">
              <value>
                <![CDATA[shashank]]>
              </value>
            </param>
            <param index="1">
              <value>
                <![CDATA[password1]]>
              </value>
            </param>
          </params>
          <reporter-output>
          </reporter-output>
        </test-method> <!-- test1 -->
        <test-method status="PASS" signature="afterClass(org.testng.ITestResult)[pri:0, instance:basePackage.Test1@57baeedf]" name="afterClass" is-config="true" duration-ms="660" started-at="2019-09-29T06:35:09Z" finished-at="2019-09-29T06:35:10Z">
          <params>
            <param index="0">
              <value>
                <![CDATA[[TestResult name=test1 status=SUCCESS method=Test1.test1(java.lang.String, java.lang.String)[pri:0, instance:basePackage.Test1@57baeedf] output={null}]]]>
              </value>
            </param>
          </params>
          <reporter-output>
          </reporter-output>
        </test-method> <!-- afterClass -->
        <test-method status="PASS" signature="beforeMethod()[pri:0, instance:basePackage.Test1@57baeedf]" name="beforeMethod" is-config="true" duration-ms="6079" started-at="2019-09-29T06:35:10Z" finished-at="2019-09-29T06:35:16Z">
          <reporter-output>
          </reporter-output>
        </test-method> <!-- beforeMethod -->
        <test-method status="PASS" signature="test1(java.lang.String, java.lang.String)[pri:0, instance:basePackage.Test1@57baeedf]" name="test1" duration-ms="658" started-at="2019-09-29T06:35:16Z" data-provider="getData" finished-at="2019-09-29T06:35:17Z">
          <params>
            <param index="0">
              <value>
                <![CDATA[shashank]]>
              </value>
            </param>
            <param index="1">
              <value>
                <![CDATA[pas]]>
              </value>
            </param>
          </params>
          <reporter-output>
          </reporter-output>
        </test-method> <!-- test1 -->
        <test-method status="PASS" signature="afterClass(org.testng.ITestResult)[pri:0, instance:basePackage.Test1@57baeedf]" name="afterClass" is-config="true" duration-ms="627" started-at="2019-09-29T06:35:17Z" finished-at="2019-09-29T06:35:17Z">
          <params>
            <param index="0">
              <value>
                <![CDATA[[TestResult name=test1 status=SUCCESS method=Test1.test1(java.lang.String, java.lang.String)[pri:0, instance:basePackage.Test1@57baeedf] output={null}]]]>
              </value>
            </param>
          </params>
          <reporter-output>
          </reporter-output>
        </test-method> <!-- afterClass -->
        <test-method status="PASS" signature="beforeMethod()[pri:0, instance:basePackage.Test1@57baeedf]" name="beforeMethod" is-config="true" duration-ms="6193" started-at="2019-09-29T06:35:17Z" finished-at="2019-09-29T06:35:23Z">
          <reporter-output>
          </reporter-output>
        </test-method> <!-- beforeMethod -->
        <test-method status="PASS" signature="test1(java.lang.String, java.lang.String)[pri:0, instance:basePackage.Test1@57baeedf]" name="test1" duration-ms="763" started-at="2019-09-29T06:35:23Z" data-provider="getData" finished-at="2019-09-29T06:35:24Z">
          <params>
            <param index="0">
              <value>
                <![CDATA[shashank]]>
              </value>
            </param>
            <param index="1">
              <value>
                <![CDATA[password11]]>
              </value>
            </param>
          </params>
          <reporter-output>
          </reporter-output>
        </test-method> <!-- test1 -->
        <test-method status="PASS" signature="afterClass(org.testng.ITestResult)[pri:0, instance:basePackage.Test1@57baeedf]" name="afterClass" is-config="true" duration-ms="658" started-at="2019-09-29T06:35:24Z" finished-at="2019-09-29T06:35:25Z">
          <params>
            <param index="0">
              <value>
                <![CDATA[[TestResult name=test1 status=SUCCESS method=Test1.test1(java.lang.String, java.lang.String)[pri:0, instance:basePackage.Test1@57baeedf] output={null}]]]>
              </value>
            </param>
          </params>
          <reporter-output>
          </reporter-output>
        </test-method> <!-- afterClass -->
        <test-method status="PASS" signature="beforeMethod()[pri:0, instance:basePackage.Test1@57baeedf]" name="beforeMethod" is-config="true" duration-ms="6143" started-at="2019-09-29T06:35:25Z" finished-at="2019-09-29T06:35:31Z">
          <reporter-output>
          </reporter-output>
        </test-method> <!-- beforeMethod -->
        <test-method status="PASS" signature="test1(java.lang.String, java.lang.String)[pri:0, instance:basePackage.Test1@57baeedf]" name="test1" duration-ms="740" started-at="2019-09-29T06:35:31Z" data-provider="getData" finished-at="2019-09-29T06:35:32Z">
          <params>
            <param index="0">
              <value>
                <![CDATA[shashankras]]>
              </value>
            </param>
            <param index="1">
              <value>
                <![CDATA[pass]]>
              </value>
            </param>
          </params>
          <reporter-output>
          </reporter-output>
        </test-method> <!-- test1 -->
        <test-method status="PASS" signature="afterClass(org.testng.ITestResult)[pri:0, instance:basePackage.Test1@57baeedf]" name="afterClass" is-config="true" duration-ms="671" started-at="2019-09-29T06:35:32Z" finished-at="2019-09-29T06:35:32Z">
          <params>
            <param index="0">
              <value>
                <![CDATA[[TestResult name=test1 status=SUCCESS method=Test1.test1(java.lang.String, java.lang.String)[pri:0, instance:basePackage.Test1@57baeedf] output={null}]]]>
              </value>
            </param>
          </params>
          <reporter-output>
          </reporter-output>
        </test-method> <!-- afterClass -->
        <test-method status="PASS" signature="beforeMethod()[pri:0, instance:basePackage.Test1@57baeedf]" name="beforeMethod" is-config="true" duration-ms="6598" started-at="2019-09-29T06:35:32Z" finished-at="2019-09-29T06:35:39Z">
          <reporter-output>
          </reporter-output>
        </test-method> <!-- beforeMethod -->
        <test-method status="PASS" signature="test1(java.lang.String, java.lang.String)[pri:0, instance:basePackage.Test1@57baeedf]" name="test1" duration-ms="813" started-at="2019-09-29T06:35:39Z" data-provider="getData" finished-at="2019-09-29T06:35:40Z">
          <params>
            <param index="0">
              <value>
                <![CDATA[shashankras]]>
              </value>
            </param>
            <param index="1">
              <value>
                <![CDATA[passw]]>
              </value>
            </param>
          </params>
          <reporter-output>
          </reporter-output>
        </test-method> <!-- test1 -->
        <test-method status="PASS" signature="afterClass(org.testng.ITestResult)[pri:0, instance:basePackage.Test1@57baeedf]" name="afterClass" is-config="true" duration-ms="672" started-at="2019-09-29T06:35:40Z" finished-at="2019-09-29T06:35:40Z">
          <params>
            <param index="0">
              <value>
                <![CDATA[[TestResult name=test1 status=SUCCESS method=Test1.test1(java.lang.String, java.lang.String)[pri:0, instance:basePackage.Test1@57baeedf] output={null}]]]>
              </value>
            </param>
          </params>
          <reporter-output>
          </reporter-output>
        </test-method> <!-- afterClass -->
        <test-method status="PASS" signature="beforeMethod()[pri:0, instance:basePackage.Test1@57baeedf]" name="beforeMethod" is-config="true" duration-ms="5977" started-at="2019-09-29T06:35:40Z" finished-at="2019-09-29T06:35:46Z">
          <reporter-output>
          </reporter-output>
        </test-method> <!-- beforeMethod -->
        <test-method status="PASS" signature="test1(java.lang.String, java.lang.String)[pri:0, instance:basePackage.Test1@57baeedf]" name="test1" duration-ms="768" started-at="2019-09-29T06:35:46Z" data-provider="getData" finished-at="2019-09-29T06:35:47Z">
          <params>
            <param index="0">
              <value>
                <![CDATA[shashankras]]>
              </value>
            </param>
            <param index="1">
              <value>
                <![CDATA[passwo]]>
              </value>
            </param>
          </params>
          <reporter-output>
          </reporter-output>
        </test-method> <!-- test1 -->
        <test-method status="PASS" signature="afterClass(org.testng.ITestResult)[pri:0, instance:basePackage.Test1@57baeedf]" name="afterClass" is-config="true" duration-ms="635" started-at="2019-09-29T06:35:47Z" finished-at="2019-09-29T06:35:48Z">
          <params>
            <param index="0">
              <value>
                <![CDATA[[TestResult name=test1 status=SUCCESS method=Test1.test1(java.lang.String, java.lang.String)[pri:0, instance:basePackage.Test1@57baeedf] output={null}]]]>
              </value>
            </param>
          </params>
          <reporter-output>
          </reporter-output>
        </test-method> <!-- afterClass -->
        <test-method status="PASS" signature="beforeMethod()[pri:0, instance:basePackage.Test1@57baeedf]" name="beforeMethod" is-config="true" duration-ms="6635" started-at="2019-09-29T06:35:48Z" finished-at="2019-09-29T06:35:54Z">
          <reporter-output>
          </reporter-output>
        </test-method> <!-- beforeMethod -->
        <test-method status="PASS" signature="test1(java.lang.String, java.lang.String)[pri:0, instance:basePackage.Test1@57baeedf]" name="test1" duration-ms="808" started-at="2019-09-29T06:35:54Z" data-provider="getData" finished-at="2019-09-29T06:35:55Z">
          <params>
            <param index="0">
              <value>
                <![CDATA[shashankras]]>
              </value>
            </param>
            <param index="1">
              <value>
                <![CDATA[password]]>
              </value>
            </param>
          </params>
          <reporter-output>
          </reporter-output>
        </test-method> <!-- test1 -->
        <test-method status="PASS" signature="afterClass(org.testng.ITestResult)[pri:0, instance:basePackage.Test1@57baeedf]" name="afterClass" is-config="true" duration-ms="649" started-at="2019-09-29T06:35:55Z" finished-at="2019-09-29T06:35:56Z">
          <params>
            <param index="0">
              <value>
                <![CDATA[[TestResult name=test1 status=SUCCESS method=Test1.test1(java.lang.String, java.lang.String)[pri:0, instance:basePackage.Test1@57baeedf] output={null}]]]>
              </value>
            </param>
          </params>
          <reporter-output>
          </reporter-output>
        </test-method> <!-- afterClass -->
        <test-method status="PASS" signature="beforeMethod()[pri:0, instance:basePackage.Test1@57baeedf]" name="beforeMethod" is-config="true" duration-ms="7338" started-at="2019-09-29T06:35:56Z" finished-at="2019-09-29T06:36:03Z">
          <reporter-output>
          </reporter-output>
        </test-method> <!-- beforeMethod -->
        <test-method status="PASS" signature="test1(java.lang.String, java.lang.String)[pri:0, instance:basePackage.Test1@57baeedf]" name="test1" duration-ms="814" started-at="2019-09-29T06:36:03Z" data-provider="getData" finished-at="2019-09-29T06:36:04Z">
          <params>
            <param index="0">
              <value>
                <![CDATA[shashankras]]>
              </value>
            </param>
            <param index="1">
              <value>
                <![CDATA[password1]]>
              </value>
            </param>
          </params>
          <reporter-output>
          </reporter-output>
        </test-method> <!-- test1 -->
        <test-method status="PASS" signature="afterClass(org.testng.ITestResult)[pri:0, instance:basePackage.Test1@57baeedf]" name="afterClass" is-config="true" duration-ms="696" started-at="2019-09-29T06:36:04Z" finished-at="2019-09-29T06:36:05Z">
          <params>
            <param index="0">
              <value>
                <![CDATA[[TestResult name=test1 status=SUCCESS method=Test1.test1(java.lang.String, java.lang.String)[pri:0, instance:basePackage.Test1@57baeedf] output={null}]]]>
              </value>
            </param>
          </params>
          <reporter-output>
          </reporter-output>
        </test-method> <!-- afterClass -->
        <test-method status="PASS" signature="beforeMethod()[pri:0, instance:basePackage.Test1@57baeedf]" name="beforeMethod" is-config="true" duration-ms="6102" started-at="2019-09-29T06:36:05Z" finished-at="2019-09-29T06:36:11Z">
          <reporter-output>
          </reporter-output>
        </test-method> <!-- beforeMethod -->
        <test-method status="PASS" signature="test1(java.lang.String, java.lang.String)[pri:0, instance:basePackage.Test1@57baeedf]" name="test1" duration-ms="700" started-at="2019-09-29T06:36:11Z" data-provider="getData" finished-at="2019-09-29T06:36:12Z">
          <params>
            <param index="0">
              <value>
                <![CDATA[shashankras]]>
              </value>
            </param>
            <param index="1">
              <value>
                <![CDATA[pas]]>
              </value>
            </param>
          </params>
          <reporter-output>
          </reporter-output>
        </test-method> <!-- test1 -->
        <test-method status="PASS" signature="afterClass(org.testng.ITestResult)[pri:0, instance:basePackage.Test1@57baeedf]" name="afterClass" is-config="true" duration-ms="645" started-at="2019-09-29T06:36:12Z" finished-at="2019-09-29T06:36:12Z">
          <params>
            <param index="0">
              <value>
                <![CDATA[[TestResult name=test1 status=SUCCESS method=Test1.test1(java.lang.String, java.lang.String)[pri:0, instance:basePackage.Test1@57baeedf] output={null}]]]>
              </value>
            </param>
          </params>
          <reporter-output>
          </reporter-output>
        </test-method> <!-- afterClass -->
        <test-method status="PASS" signature="beforeMethod()[pri:0, instance:basePackage.Test1@57baeedf]" name="beforeMethod" is-config="true" duration-ms="7041" started-at="2019-09-29T06:36:12Z" finished-at="2019-09-29T06:36:19Z">
          <reporter-output>
          </reporter-output>
        </test-method> <!-- beforeMethod -->
        <test-method status="PASS" signature="test1(java.lang.String, java.lang.String)[pri:0, instance:basePackage.Test1@57baeedf]" name="test1" duration-ms="734" started-at="2019-09-29T06:36:19Z" data-provider="getData" finished-at="2019-09-29T06:36:20Z">
          <params>
            <param index="0">
              <value>
                <![CDATA[shashankras]]>
              </value>
            </param>
            <param index="1">
              <value>
                <![CDATA[password11]]>
              </value>
            </param>
          </params>
          <reporter-output>
          </reporter-output>
        </test-method> <!-- test1 -->
        <test-method status="PASS" signature="afterClass(org.testng.ITestResult)[pri:0, instance:basePackage.Test1@57baeedf]" name="afterClass" is-config="true" duration-ms="673" started-at="2019-09-29T06:36:20Z" finished-at="2019-09-29T06:36:21Z">
          <params>
            <param index="0">
              <value>
                <![CDATA[[TestResult name=test1 status=SUCCESS method=Test1.test1(java.lang.String, java.lang.String)[pri:0, instance:basePackage.Test1@57baeedf] output={null}]]]>
              </value>
            </param>
          </params>
          <reporter-output>
          </reporter-output>
        </test-method> <!-- afterClass -->
        <test-method status="PASS" signature="beforeMethod()[pri:0, instance:basePackage.Test1@57baeedf]" name="beforeMethod" is-config="true" duration-ms="6266" started-at="2019-09-29T06:36:21Z" finished-at="2019-09-29T06:36:27Z">
          <reporter-output>
          </reporter-output>
        </test-method> <!-- beforeMethod -->
        <test-method status="PASS" signature="test1(java.lang.String, java.lang.String)[pri:0, instance:basePackage.Test1@57baeedf]" name="test1" duration-ms="740" started-at="2019-09-29T06:36:27Z" data-provider="getData" finished-at="2019-09-29T06:36:28Z">
          <params>
            <param index="0">
              <value>
                <![CDATA[shashankrast]]>
              </value>
            </param>
            <param index="1">
              <value>
                <![CDATA[pass]]>
              </value>
            </param>
          </params>
          <reporter-output>
          </reporter-output>
        </test-method> <!-- test1 -->
        <test-method status="PASS" signature="afterClass(org.testng.ITestResult)[pri:0, instance:basePackage.Test1@57baeedf]" name="afterClass" is-config="true" duration-ms="672" started-at="2019-09-29T06:36:28Z" finished-at="2019-09-29T06:36:28Z">
          <params>
            <param index="0">
              <value>
                <![CDATA[[TestResult name=test1 status=SUCCESS method=Test1.test1(java.lang.String, java.lang.String)[pri:0, instance:basePackage.Test1@57baeedf] output={null}]]]>
              </value>
            </param>
          </params>
          <reporter-output>
          </reporter-output>
        </test-method> <!-- afterClass -->
        <test-method status="PASS" signature="beforeMethod()[pri:0, instance:basePackage.Test1@57baeedf]" name="beforeMethod" is-config="true" duration-ms="6623" started-at="2019-09-29T06:36:28Z" finished-at="2019-09-29T06:36:35Z">
          <reporter-output>
          </reporter-output>
        </test-method> <!-- beforeMethod -->
        <test-method status="PASS" signature="test1(java.lang.String, java.lang.String)[pri:0, instance:basePackage.Test1@57baeedf]" name="test1" duration-ms="716" started-at="2019-09-29T06:36:35Z" data-provider="getData" finished-at="2019-09-29T06:36:36Z">
          <params>
            <param index="0">
              <value>
                <![CDATA[shashankrast]]>
              </value>
            </param>
            <param index="1">
              <value>
                <![CDATA[passw]]>
              </value>
            </param>
          </params>
          <reporter-output>
          </reporter-output>
        </test-method> <!-- test1 -->
        <test-method status="PASS" signature="afterClass(org.testng.ITestResult)[pri:0, instance:basePackage.Test1@57baeedf]" name="afterClass" is-config="true" duration-ms="658" started-at="2019-09-29T06:36:36Z" finished-at="2019-09-29T06:36:36Z">
          <params>
            <param index="0">
              <value>
                <![CDATA[[TestResult name=test1 status=SUCCESS method=Test1.test1(java.lang.String, java.lang.String)[pri:0, instance:basePackage.Test1@57baeedf] output={null}]]]>
              </value>
            </param>
          </params>
          <reporter-output>
          </reporter-output>
        </test-method> <!-- afterClass -->
        <test-method status="PASS" signature="beforeMethod()[pri:0, instance:basePackage.Test1@57baeedf]" name="beforeMethod" is-config="true" duration-ms="6475" started-at="2019-09-29T06:36:36Z" finished-at="2019-09-29T06:36:43Z">
          <reporter-output>
          </reporter-output>
        </test-method> <!-- beforeMethod -->
        <test-method status="PASS" signature="test1(java.lang.String, java.lang.String)[pri:0, instance:basePackage.Test1@57baeedf]" name="test1" duration-ms="776" started-at="2019-09-29T06:36:43Z" data-provider="getData" finished-at="2019-09-29T06:36:44Z">
          <params>
            <param index="0">
              <value>
                <![CDATA[shashankrast]]>
              </value>
            </param>
            <param index="1">
              <value>
                <![CDATA[passwo]]>
              </value>
            </param>
          </params>
          <reporter-output>
          </reporter-output>
        </test-method> <!-- test1 -->
        <test-method status="PASS" signature="afterClass(org.testng.ITestResult)[pri:0, instance:basePackage.Test1@57baeedf]" name="afterClass" is-config="true" duration-ms="655" started-at="2019-09-29T06:36:44Z" finished-at="2019-09-29T06:36:44Z">
          <params>
            <param index="0">
              <value>
                <![CDATA[[TestResult name=test1 status=SUCCESS method=Test1.test1(java.lang.String, java.lang.String)[pri:0, instance:basePackage.Test1@57baeedf] output={null}]]]>
              </value>
            </param>
          </params>
          <reporter-output>
          </reporter-output>
        </test-method> <!-- afterClass -->
        <test-method status="PASS" signature="beforeMethod()[pri:0, instance:basePackage.Test1@57baeedf]" name="beforeMethod" is-config="true" duration-ms="6326" started-at="2019-09-29T06:36:44Z" finished-at="2019-09-29T06:36:51Z">
          <reporter-output>
          </reporter-output>
        </test-method> <!-- beforeMethod -->
        <test-method status="PASS" signature="test1(java.lang.String, java.lang.String)[pri:0, instance:basePackage.Test1@57baeedf]" name="test1" duration-ms="803" started-at="2019-09-29T06:36:51Z" data-provider="getData" finished-at="2019-09-29T06:36:51Z">
          <params>
            <param index="0">
              <value>
                <![CDATA[shashankrast]]>
              </value>
            </param>
            <param index="1">
              <value>
                <![CDATA[password]]>
              </value>
            </param>
          </params>
          <reporter-output>
          </reporter-output>
        </test-method> <!-- test1 -->
        <test-method status="PASS" signature="afterClass(org.testng.ITestResult)[pri:0, instance:basePackage.Test1@57baeedf]" name="afterClass" is-config="true" duration-ms="652" started-at="2019-09-29T06:36:51Z" finished-at="2019-09-29T06:36:52Z">
          <params>
            <param index="0">
              <value>
                <![CDATA[[TestResult name=test1 status=SUCCESS method=Test1.test1(java.lang.String, java.lang.String)[pri:0, instance:basePackage.Test1@57baeedf] output={null}]]]>
              </value>
            </param>
          </params>
          <reporter-output>
          </reporter-output>
        </test-method> <!-- afterClass -->
        <test-method status="PASS" signature="beforeMethod()[pri:0, instance:basePackage.Test1@57baeedf]" name="beforeMethod" is-config="true" duration-ms="6118" started-at="2019-09-29T06:36:52Z" finished-at="2019-09-29T06:36:58Z">
          <reporter-output>
          </reporter-output>
        </test-method> <!-- beforeMethod -->
        <test-method status="PASS" signature="test1(java.lang.String, java.lang.String)[pri:0, instance:basePackage.Test1@57baeedf]" name="test1" duration-ms="811" started-at="2019-09-29T06:36:58Z" data-provider="getData" finished-at="2019-09-29T06:36:59Z">
          <params>
            <param index="0">
              <value>
                <![CDATA[shashankrast]]>
              </value>
            </param>
            <param index="1">
              <value>
                <![CDATA[password1]]>
              </value>
            </param>
          </params>
          <reporter-output>
          </reporter-output>
        </test-method> <!-- test1 -->
        <test-method status="PASS" signature="afterClass(org.testng.ITestResult)[pri:0, instance:basePackage.Test1@57baeedf]" name="afterClass" is-config="true" duration-ms="669" started-at="2019-09-29T06:36:59Z" finished-at="2019-09-29T06:37:00Z">
          <params>
            <param index="0">
              <value>
                <![CDATA[[TestResult name=test1 status=SUCCESS method=Test1.test1(java.lang.String, java.lang.String)[pri:0, instance:basePackage.Test1@57baeedf] output={null}]]]>
              </value>
            </param>
          </params>
          <reporter-output>
          </reporter-output>
        </test-method> <!-- afterClass -->
        <test-method status="PASS" signature="beforeMethod()[pri:0, instance:basePackage.Test1@57baeedf]" name="beforeMethod" is-config="true" duration-ms="7392" started-at="2019-09-29T06:37:00Z" finished-at="2019-09-29T06:37:07Z">
          <reporter-output>
          </reporter-output>
        </test-method> <!-- beforeMethod -->
        <test-method status="PASS" signature="test1(java.lang.String, java.lang.String)[pri:0, instance:basePackage.Test1@57baeedf]" name="test1" duration-ms="676" started-at="2019-09-29T06:37:07Z" data-provider="getData" finished-at="2019-09-29T06:37:08Z">
          <params>
            <param index="0">
              <value>
                <![CDATA[shashankrast]]>
              </value>
            </param>
            <param index="1">
              <value>
                <![CDATA[pas]]>
              </value>
            </param>
          </params>
          <reporter-output>
          </reporter-output>
        </test-method> <!-- test1 -->
        <test-method status="PASS" signature="afterClass(org.testng.ITestResult)[pri:0, instance:basePackage.Test1@57baeedf]" name="afterClass" is-config="true" duration-ms="943" started-at="2019-09-29T06:37:08Z" finished-at="2019-09-29T06:37:09Z">
          <params>
            <param index="0">
              <value>
                <![CDATA[[TestResult name=test1 status=SUCCESS method=Test1.test1(java.lang.String, java.lang.String)[pri:0, instance:basePackage.Test1@57baeedf] output={null}]]]>
              </value>
            </param>
          </params>
          <reporter-output>
          </reporter-output>
        </test-method> <!-- afterClass -->
        <test-method status="PASS" signature="beforeMethod()[pri:0, instance:basePackage.Test1@57baeedf]" name="beforeMethod" is-config="true" duration-ms="6004" started-at="2019-09-29T06:37:09Z" finished-at="2019-09-29T06:37:15Z">
          <reporter-output>
          </reporter-output>
        </test-method> <!-- beforeMethod -->
        <test-method status="PASS" signature="test1(java.lang.String, java.lang.String)[pri:0, instance:basePackage.Test1@57baeedf]" name="test1" duration-ms="823" started-at="2019-09-29T06:37:15Z" data-provider="getData" finished-at="2019-09-29T06:37:15Z">
          <params>
            <param index="0">
              <value>
                <![CDATA[shashankrast]]>
              </value>
            </param>
            <param index="1">
              <value>
                <![CDATA[password11]]>
              </value>
            </param>
          </params>
          <reporter-output>
          </reporter-output>
        </test-method> <!-- test1 -->
        <test-method status="PASS" signature="afterClass(org.testng.ITestResult)[pri:0, instance:basePackage.Test1@57baeedf]" name="afterClass" is-config="true" duration-ms="676" started-at="2019-09-29T06:37:15Z" finished-at="2019-09-29T06:37:16Z">
          <params>
            <param index="0">
              <value>
                <![CDATA[[TestResult name=test1 status=SUCCESS method=Test1.test1(java.lang.String, java.lang.String)[pri:0, instance:basePackage.Test1@57baeedf] output={null}]]]>
              </value>
            </param>
          </params>
          <reporter-output>
          </reporter-output>
        </test-method> <!-- afterClass -->
        <test-method status="PASS" signature="beforeMethod()[pri:0, instance:basePackage.Test1@57baeedf]" name="beforeMethod" is-config="true" duration-ms="6085" started-at="2019-09-29T06:37:16Z" finished-at="2019-09-29T06:37:22Z">
          <reporter-output>
          </reporter-output>
        </test-method> <!-- beforeMethod -->
        <test-method status="PASS" signature="test1(java.lang.String, java.lang.String)[pri:0, instance:basePackage.Test1@57baeedf]" name="test1" duration-ms="639" started-at="2019-09-29T06:37:22Z" data-provider="getData" finished-at="2019-09-29T06:37:23Z">
          <params>
            <param index="0">
              <value>
                <![CDATA[shas]]>
              </value>
            </param>
            <param index="1">
              <value>
                <![CDATA[pass]]>
              </value>
            </param>
          </params>
          <reporter-output>
          </reporter-output>
        </test-method> <!-- test1 -->
        <test-method status="PASS" signature="afterClass(org.testng.ITestResult)[pri:0, instance:basePackage.Test1@57baeedf]" name="afterClass" is-config="true" duration-ms="659" started-at="2019-09-29T06:37:23Z" finished-at="2019-09-29T06:37:24Z">
          <params>
            <param index="0">
              <value>
                <![CDATA[[TestResult name=test1 status=SUCCESS method=Test1.test1(java.lang.String, java.lang.String)[pri:0, instance:basePackage.Test1@57baeedf] output={null}]]]>
              </value>
            </param>
          </params>
          <reporter-output>
          </reporter-output>
        </test-method> <!-- afterClass -->
        <test-method status="PASS" signature="beforeMethod()[pri:0, instance:basePackage.Test1@57baeedf]" name="beforeMethod" is-config="true" duration-ms="6292" started-at="2019-09-29T06:37:24Z" finished-at="2019-09-29T06:37:30Z">
          <reporter-output>
          </reporter-output>
        </test-method> <!-- beforeMethod -->
        <test-method status="PASS" signature="test1(java.lang.String, java.lang.String)[pri:0, instance:basePackage.Test1@57baeedf]" name="test1" duration-ms="748" started-at="2019-09-29T06:37:30Z" data-provider="getData" finished-at="2019-09-29T06:37:31Z">
          <params>
            <param index="0">
              <value>
                <![CDATA[shas]]>
              </value>
            </param>
            <param index="1">
              <value>
                <![CDATA[passw]]>
              </value>
            </param>
          </params>
          <reporter-output>
          </reporter-output>
        </test-method> <!-- test1 -->
        <test-method status="PASS" signature="afterClass(org.testng.ITestResult)[pri:0, instance:basePackage.Test1@57baeedf]" name="afterClass" is-config="true" duration-ms="730" started-at="2019-09-29T06:37:31Z" finished-at="2019-09-29T06:37:31Z">
          <params>
            <param index="0">
              <value>
                <![CDATA[[TestResult name=test1 status=SUCCESS method=Test1.test1(java.lang.String, java.lang.String)[pri:0, instance:basePackage.Test1@57baeedf] output={null}]]]>
              </value>
            </param>
          </params>
          <reporter-output>
          </reporter-output>
        </test-method> <!-- afterClass -->
        <test-method status="PASS" signature="beforeMethod()[pri:0, instance:basePackage.Test1@57baeedf]" name="beforeMethod" is-config="true" duration-ms="6196" started-at="2019-09-29T06:37:31Z" finished-at="2019-09-29T06:37:38Z">
          <reporter-output>
          </reporter-output>
        </test-method> <!-- beforeMethod -->
        <test-method status="PASS" signature="test1(java.lang.String, java.lang.String)[pri:0, instance:basePackage.Test1@57baeedf]" name="test1" duration-ms="683" started-at="2019-09-29T06:37:38Z" data-provider="getData" finished-at="2019-09-29T06:37:38Z">
          <params>
            <param index="0">
              <value>
                <![CDATA[shas]]>
              </value>
            </param>
            <param index="1">
              <value>
                <![CDATA[passwo]]>
              </value>
            </param>
          </params>
          <reporter-output>
          </reporter-output>
        </test-method> <!-- test1 -->
        <test-method status="PASS" signature="afterClass(org.testng.ITestResult)[pri:0, instance:basePackage.Test1@57baeedf]" name="afterClass" is-config="true" duration-ms="663" started-at="2019-09-29T06:37:38Z" finished-at="2019-09-29T06:37:39Z">
          <params>
            <param index="0">
              <value>
                <![CDATA[[TestResult name=test1 status=SUCCESS method=Test1.test1(java.lang.String, java.lang.String)[pri:0, instance:basePackage.Test1@57baeedf] output={null}]]]>
              </value>
            </param>
          </params>
          <reporter-output>
          </reporter-output>
        </test-method> <!-- afterClass -->
        <test-method status="PASS" signature="beforeMethod()[pri:0, instance:basePackage.Test1@57baeedf]" name="beforeMethod" is-config="true" duration-ms="6613" started-at="2019-09-29T06:37:39Z" finished-at="2019-09-29T06:37:45Z">
          <reporter-output>
          </reporter-output>
        </test-method> <!-- beforeMethod -->
        <test-method status="PASS" signature="test1(java.lang.String, java.lang.String)[pri:0, instance:basePackage.Test1@57baeedf]" name="test1" duration-ms="755" started-at="2019-09-29T06:37:45Z" data-provider="getData" finished-at="2019-09-29T06:37:46Z">
          <params>
            <param index="0">
              <value>
                <![CDATA[shas]]>
              </value>
            </param>
            <param index="1">
              <value>
                <![CDATA[password]]>
              </value>
            </param>
          </params>
          <reporter-output>
          </reporter-output>
        </test-method> <!-- test1 -->
        <test-method status="PASS" signature="afterClass(org.testng.ITestResult)[pri:0, instance:basePackage.Test1@57baeedf]" name="afterClass" is-config="true" duration-ms="739" started-at="2019-09-29T06:37:46Z" finished-at="2019-09-29T06:37:47Z">
          <params>
            <param index="0">
              <value>
                <![CDATA[[TestResult name=test1 status=SUCCESS method=Test1.test1(java.lang.String, java.lang.String)[pri:0, instance:basePackage.Test1@57baeedf] output={null}]]]>
              </value>
            </param>
          </params>
          <reporter-output>
          </reporter-output>
        </test-method> <!-- afterClass -->
        <test-method status="PASS" signature="beforeMethod()[pri:0, instance:basePackage.Test1@57baeedf]" name="beforeMethod" is-config="true" duration-ms="7228" started-at="2019-09-29T06:37:47Z" finished-at="2019-09-29T06:37:54Z">
          <reporter-output>
          </reporter-output>
        </test-method> <!-- beforeMethod -->
        <test-method status="PASS" signature="test1(java.lang.String, java.lang.String)[pri:0, instance:basePackage.Test1@57baeedf]" name="test1" duration-ms="683" started-at="2019-09-29T06:37:54Z" data-provider="getData" finished-at="2019-09-29T06:37:55Z">
          <params>
            <param index="0">
              <value>
                <![CDATA[shas]]>
              </value>
            </param>
            <param index="1">
              <value>
                <![CDATA[password1]]>
              </value>
            </param>
          </params>
          <reporter-output>
          </reporter-output>
        </test-method> <!-- test1 -->
        <test-method status="PASS" signature="afterClass(org.testng.ITestResult)[pri:0, instance:basePackage.Test1@57baeedf]" name="afterClass" is-config="true" duration-ms="663" started-at="2019-09-29T06:37:55Z" finished-at="2019-09-29T06:37:56Z">
          <params>
            <param index="0">
              <value>
                <![CDATA[[TestResult name=test1 status=SUCCESS method=Test1.test1(java.lang.String, java.lang.String)[pri:0, instance:basePackage.Test1@57baeedf] output={null}]]]>
              </value>
            </param>
          </params>
          <reporter-output>
          </reporter-output>
        </test-method> <!-- afterClass -->
        <test-method status="PASS" signature="beforeMethod()[pri:0, instance:basePackage.Test1@57baeedf]" name="beforeMethod" is-config="true" duration-ms="6203" started-at="2019-09-29T06:37:56Z" finished-at="2019-09-29T06:38:02Z">
          <reporter-output>
          </reporter-output>
        </test-method> <!-- beforeMethod -->
        <test-method status="PASS" signature="test1(java.lang.String, java.lang.String)[pri:0, instance:basePackage.Test1@57baeedf]" name="test1" duration-ms="705" started-at="2019-09-29T06:38:02Z" data-provider="getData" finished-at="2019-09-29T06:38:02Z">
          <params>
            <param index="0">
              <value>
                <![CDATA[shas]]>
              </value>
            </param>
            <param index="1">
              <value>
                <![CDATA[pas]]>
              </value>
            </param>
          </params>
          <reporter-output>
          </reporter-output>
        </test-method> <!-- test1 -->
        <test-method status="PASS" signature="afterClass(org.testng.ITestResult)[pri:0, instance:basePackage.Test1@57baeedf]" name="afterClass" is-config="true" duration-ms="644" started-at="2019-09-29T06:38:02Z" finished-at="2019-09-29T06:38:03Z">
          <params>
            <param index="0">
              <value>
                <![CDATA[[TestResult name=test1 status=SUCCESS method=Test1.test1(java.lang.String, java.lang.String)[pri:0, instance:basePackage.Test1@57baeedf] output={null}]]]>
              </value>
            </param>
          </params>
          <reporter-output>
          </reporter-output>
        </test-method> <!-- afterClass -->
        <test-method status="PASS" signature="beforeMethod()[pri:0, instance:basePackage.Test1@57baeedf]" name="beforeMethod" is-config="true" duration-ms="7067" started-at="2019-09-29T06:38:03Z" finished-at="2019-09-29T06:38:10Z">
          <reporter-output>
          </reporter-output>
        </test-method> <!-- beforeMethod -->
        <test-method status="PASS" signature="test1(java.lang.String, java.lang.String)[pri:0, instance:basePackage.Test1@57baeedf]" name="test1" duration-ms="696" started-at="2019-09-29T06:38:10Z" data-provider="getData" finished-at="2019-09-29T06:38:11Z">
          <params>
            <param index="0">
              <value>
                <![CDATA[shas]]>
              </value>
            </param>
            <param index="1">
              <value>
                <![CDATA[password11]]>
              </value>
            </param>
          </params>
          <reporter-output>
          </reporter-output>
        </test-method> <!-- test1 -->
        <test-method status="PASS" signature="afterClass(org.testng.ITestResult)[pri:0, instance:basePackage.Test1@57baeedf]" name="afterClass" is-config="true" duration-ms="678" started-at="2019-09-29T06:38:11Z" finished-at="2019-09-29T06:38:12Z">
          <params>
            <param index="0">
              <value>
                <![CDATA[[TestResult name=test1 status=SUCCESS method=Test1.test1(java.lang.String, java.lang.String)[pri:0, instance:basePackage.Test1@57baeedf] output={null}]]]>
              </value>
            </param>
          </params>
          <reporter-output>
          </reporter-output>
        </test-method> <!-- afterClass -->
        <test-method status="PASS" signature="beforeMethod()[pri:0, instance:basePackage.Test1@57baeedf]" name="beforeMethod" is-config="true" duration-ms="6265" started-at="2019-09-29T06:38:12Z" finished-at="2019-09-29T06:38:18Z">
          <reporter-output>
          </reporter-output>
        </test-method> <!-- beforeMethod -->
        <test-method status="PASS" signature="test1(java.lang.String, java.lang.String)[pri:0, instance:basePackage.Test1@57baeedf]" name="test1" duration-ms="819" started-at="2019-09-29T06:38:18Z" data-provider="getData" finished-at="2019-09-29T06:38:19Z">
          <params>
            <param index="0">
              <value>
                <![CDATA[shashankrasto]]>
              </value>
            </param>
            <param index="1">
              <value>
                <![CDATA[pass]]>
              </value>
            </param>
          </params>
          <reporter-output>
          </reporter-output>
        </test-method> <!-- test1 -->
        <test-method status="PASS" signature="afterClass(org.testng.ITestResult)[pri:0, instance:basePackage.Test1@57baeedf]" name="afterClass" is-config="true" duration-ms="673" started-at="2019-09-29T06:38:19Z" finished-at="2019-09-29T06:38:19Z">
          <params>
            <param index="0">
              <value>
                <![CDATA[[TestResult name=test1 status=SUCCESS method=Test1.test1(java.lang.String, java.lang.String)[pri:0, instance:basePackage.Test1@57baeedf] output={null}]]]>
              </value>
            </param>
          </params>
          <reporter-output>
          </reporter-output>
        </test-method> <!-- afterClass -->
        <test-method status="PASS" signature="beforeMethod()[pri:0, instance:basePackage.Test1@57baeedf]" name="beforeMethod" is-config="true" duration-ms="6326" started-at="2019-09-29T06:38:19Z" finished-at="2019-09-29T06:38:26Z">
          <reporter-output>
          </reporter-output>
        </test-method> <!-- beforeMethod -->
        <test-method status="PASS" signature="test1(java.lang.String, java.lang.String)[pri:0, instance:basePackage.Test1@57baeedf]" name="test1" duration-ms="747" started-at="2019-09-29T06:38:26Z" data-provider="getData" finished-at="2019-09-29T06:38:26Z">
          <params>
            <param index="0">
              <value>
                <![CDATA[shashankrasto]]>
              </value>
            </param>
            <param index="1">
              <value>
                <![CDATA[passw]]>
              </value>
            </param>
          </params>
          <reporter-output>
          </reporter-output>
        </test-method> <!-- test1 -->
        <test-method status="PASS" signature="afterClass(org.testng.ITestResult)[pri:0, instance:basePackage.Test1@57baeedf]" name="afterClass" is-config="true" duration-ms="638" started-at="2019-09-29T06:38:26Z" finished-at="2019-09-29T06:38:27Z">
          <params>
            <param index="0">
              <value>
                <![CDATA[[TestResult name=test1 status=SUCCESS method=Test1.test1(java.lang.String, java.lang.String)[pri:0, instance:basePackage.Test1@57baeedf] output={null}]]]>
              </value>
            </param>
          </params>
          <reporter-output>
          </reporter-output>
        </test-method> <!-- afterClass -->
        <test-method status="PASS" signature="beforeMethod()[pri:0, instance:basePackage.Test1@57baeedf]" name="beforeMethod" is-config="true" duration-ms="7836" started-at="2019-09-29T06:38:27Z" finished-at="2019-09-29T06:38:35Z">
          <reporter-output>
          </reporter-output>
        </test-method> <!-- beforeMethod -->
        <test-method status="PASS" signature="test1(java.lang.String, java.lang.String)[pri:0, instance:basePackage.Test1@57baeedf]" name="test1" duration-ms="780" started-at="2019-09-29T06:38:35Z" data-provider="getData" finished-at="2019-09-29T06:38:36Z">
          <params>
            <param index="0">
              <value>
                <![CDATA[shashankrasto]]>
              </value>
            </param>
            <param index="1">
              <value>
                <![CDATA[passwo]]>
              </value>
            </param>
          </params>
          <reporter-output>
          </reporter-output>
        </test-method> <!-- test1 -->
        <test-method status="PASS" signature="afterClass(org.testng.ITestResult)[pri:0, instance:basePackage.Test1@57baeedf]" name="afterClass" is-config="true" duration-ms="676" started-at="2019-09-29T06:38:36Z" finished-at="2019-09-29T06:38:36Z">
          <params>
            <param index="0">
              <value>
                <![CDATA[[TestResult name=test1 status=SUCCESS method=Test1.test1(java.lang.String, java.lang.String)[pri:0, instance:basePackage.Test1@57baeedf] output={null}]]]>
              </value>
            </param>
          </params>
          <reporter-output>
          </reporter-output>
        </test-method> <!-- afterClass -->
        <test-method status="PASS" signature="beforeMethod()[pri:0, instance:basePackage.Test1@57baeedf]" name="beforeMethod" is-config="true" duration-ms="6203" started-at="2019-09-29T06:38:36Z" finished-at="2019-09-29T06:38:43Z">
          <reporter-output>
          </reporter-output>
        </test-method> <!-- beforeMethod -->
        <test-method status="PASS" signature="test1(java.lang.String, java.lang.String)[pri:0, instance:basePackage.Test1@57baeedf]" name="test1" duration-ms="747" started-at="2019-09-29T06:38:43Z" data-provider="getData" finished-at="2019-09-29T06:38:43Z">
          <params>
            <param index="0">
              <value>
                <![CDATA[shashankrasto]]>
              </value>
            </param>
            <param index="1">
              <value>
                <![CDATA[password]]>
              </value>
            </param>
          </params>
          <reporter-output>
          </reporter-output>
        </test-method> <!-- test1 -->
        <test-method status="PASS" signature="afterClass(org.testng.ITestResult)[pri:0, instance:basePackage.Test1@57baeedf]" name="afterClass" is-config="true" duration-ms="703" started-at="2019-09-29T06:38:43Z" finished-at="2019-09-29T06:38:44Z">
          <params>
            <param index="0">
              <value>
                <![CDATA[[TestResult name=test1 status=SUCCESS method=Test1.test1(java.lang.String, java.lang.String)[pri:0, instance:basePackage.Test1@57baeedf] output={null}]]]>
              </value>
            </param>
          </params>
          <reporter-output>
          </reporter-output>
        </test-method> <!-- afterClass -->
        <test-method status="PASS" signature="beforeMethod()[pri:0, instance:basePackage.Test1@57baeedf]" name="beforeMethod" is-config="true" duration-ms="6120" started-at="2019-09-29T06:38:44Z" finished-at="2019-09-29T06:38:50Z">
          <reporter-output>
          </reporter-output>
        </test-method> <!-- beforeMethod -->
        <test-method status="PASS" signature="test1(java.lang.String, java.lang.String)[pri:0, instance:basePackage.Test1@57baeedf]" name="test1" duration-ms="712" started-at="2019-09-29T06:38:50Z" data-provider="getData" finished-at="2019-09-29T06:38:51Z">
          <params>
            <param index="0">
              <value>
                <![CDATA[shashankrasto]]>
              </value>
            </param>
            <param index="1">
              <value>
                <![CDATA[password1]]>
              </value>
            </param>
          </params>
          <reporter-output>
          </reporter-output>
        </test-method> <!-- test1 -->
        <test-method status="PASS" signature="afterClass(org.testng.ITestResult)[pri:0, instance:basePackage.Test1@57baeedf]" name="afterClass" is-config="true" duration-ms="675" started-at="2019-09-29T06:38:51Z" finished-at="2019-09-29T06:38:51Z">
          <params>
            <param index="0">
              <value>
                <![CDATA[[TestResult name=test1 status=SUCCESS method=Test1.test1(java.lang.String, java.lang.String)[pri:0, instance:basePackage.Test1@57baeedf] output={null}]]]>
              </value>
            </param>
          </params>
          <reporter-output>
          </reporter-output>
        </test-method> <!-- afterClass -->
        <test-method status="PASS" signature="beforeMethod()[pri:0, instance:basePackage.Test1@57baeedf]" name="beforeMethod" is-config="true" duration-ms="5970" started-at="2019-09-29T06:38:51Z" finished-at="2019-09-29T06:38:57Z">
          <reporter-output>
          </reporter-output>
        </test-method> <!-- beforeMethod -->
        <test-method status="PASS" signature="test1(java.lang.String, java.lang.String)[pri:0, instance:basePackage.Test1@57baeedf]" name="test1" duration-ms="725" started-at="2019-09-29T06:38:57Z" data-provider="getData" finished-at="2019-09-29T06:38:58Z">
          <params>
            <param index="0">
              <value>
                <![CDATA[shashankrasto]]>
              </value>
            </param>
            <param index="1">
              <value>
                <![CDATA[pas]]>
              </value>
            </param>
          </params>
          <reporter-output>
          </reporter-output>
        </test-method> <!-- test1 -->
        <test-method status="PASS" signature="afterClass(org.testng.ITestResult)[pri:0, instance:basePackage.Test1@57baeedf]" name="afterClass" is-config="true" duration-ms="674" started-at="2019-09-29T06:38:58Z" finished-at="2019-09-29T06:38:59Z">
          <params>
            <param index="0">
              <value>
                <![CDATA[[TestResult name=test1 status=SUCCESS method=Test1.test1(java.lang.String, java.lang.String)[pri:0, instance:basePackage.Test1@57baeedf] output={null}]]]>
              </value>
            </param>
          </params>
          <reporter-output>
          </reporter-output>
        </test-method> <!-- afterClass -->
        <test-method status="PASS" signature="afterSuite()[pri:0, instance:basePackage.Test1@57baeedf]" name="afterSuite" is-config="true" duration-ms="278" started-at="2019-09-29T06:38:59Z" finished-at="2019-09-29T06:38:59Z">
          <reporter-output>
          </reporter-output>
        </test-method> <!-- afterSuite -->
      </class> <!-- basePackage.Test1 -->
    </test> <!-- Default test -->
  </suite> <!-- Default suite -->
</testng-results>
