<?xml version="1.0" encoding="UTF-8"?>
<testng-results skipped="0" failed="0" ignored="0" total="2" passed="2">
  <reporter-output>
  </reporter-output>
  <suite name="Default suite" duration-ms="20154" started-at="2019-09-29T05:52:35Z" finished-at="2019-09-29T05:52:55Z">
    <groups>
    </groups>
    <test name="Default test" duration-ms="20154" started-at="2019-09-29T05:52:35Z" finished-at="2019-09-29T05:52:55Z">
      <class name="basePackage.Test1">
        <test-method status="PASS" signature="beforeSuite()[pri:0, instance:basePackage.Test1@57baeedf]" name="beforeSuite" is-config="true" duration-ms="179" started-at="2019-09-29T05:52:35Z" finished-at="2019-09-29T05:52:35Z">
          <reporter-output>
          </reporter-output>
        </test-method> <!-- beforeSuite -->
        <test-method status="PASS" signature="beforeMethod()[pri:0, instance:basePackage.Test1@57baeedf]" name="beforeMethod" is-config="true" duration-ms="7885" started-at="2019-09-29T05:52:35Z" finished-at="2019-09-29T05:52:43Z">
          <reporter-output>
          </reporter-output>
        </test-method> <!-- beforeMethod -->
        <test-method status="PASS" signature="test1(java.lang.String, java.lang.String)[pri:0, instance:basePackage.Test1@57baeedf]" name="test1" duration-ms="834" started-at="2019-09-29T05:52:43Z" data-provider="getData" finished-at="2019-09-29T05:52:44Z">
          <params>
            <param index="0">
              <value>
                <![CDATA[shashankrasto]]>
              </value>
            </param>
            <param index="1">
              <value>
                <![CDATA[password1]]>
              </value>
            </param>
          </params>
          <reporter-output>
          </reporter-output>
        </test-method> <!-- test1 -->
        <test-method status="PASS" signature="afterClass(org.testng.ITestResult)[pri:0, instance:basePackage.Test1@57baeedf]" name="afterClass" is-config="true" duration-ms="883" started-at="2019-09-29T05:52:44Z" finished-at="2019-09-29T05:52:45Z">
          <params>
            <param index="0">
              <value>
                <![CDATA[[TestResult name=test1 status=SUCCESS method=Test1.test1(java.lang.String, java.lang.String)[pri:0, instance:basePackage.Test1@57baeedf] output={null}]]]>
              </value>
            </param>
          </params>
          <reporter-output>
          </reporter-output>
        </test-method> <!-- afterClass -->
        <test-method status="PASS" signature="beforeMethod()[pri:0, instance:basePackage.Test1@57baeedf]" name="beforeMethod" is-config="true" duration-ms="7882" started-at="2019-09-29T05:52:45Z" finished-at="2019-09-29T05:52:53Z">
          <reporter-output>
          </reporter-output>
        </test-method> <!-- beforeMethod -->
        <test-method status="PASS" signature="test1(java.lang.String, java.lang.String)[pri:0, instance:basePackage.Test1@57baeedf]" name="test1" duration-ms="1056" started-at="2019-09-29T05:52:53Z" data-provider="getData" finished-at="2019-09-29T05:52:54Z">
          <params>
            <param index="0">
              <value>
                <![CDATA[shashankrasto]]>
              </value>
            </param>
            <param index="1">
              <value>
                <![CDATA[pas]]>
              </value>
            </param>
          </params>
          <reporter-output>
          </reporter-output>
        </test-method> <!-- test1 -->
        <test-method status="PASS" signature="afterClass(org.testng.ITestResult)[pri:0, instance:basePackage.Test1@57baeedf]" name="afterClass" is-config="true" duration-ms="953" started-at="2019-09-29T05:52:54Z" finished-at="2019-09-29T05:52:55Z">
          <params>
            <param index="0">
              <value>
                <![CDATA[[TestResult name=test1 status=SUCCESS method=Test1.test1(java.lang.String, java.lang.String)[pri:0, instance:basePackage.Test1@57baeedf] output={null}]]]>
              </value>
            </param>
          </params>
          <reporter-output>
          </reporter-output>
        </test-method> <!-- afterClass -->
        <test-method status="PASS" signature="afterSuite()[pri:0, instance:basePackage.Test1@57baeedf]" name="afterSuite" is-config="true" duration-ms="267" started-at="2019-09-29T05:52:55Z" finished-at="2019-09-29T05:52:55Z">
          <reporter-output>
          </reporter-output>
        </test-method> <!-- afterSuite -->
      </class> <!-- basePackage.Test1 -->
    </test> <!-- Default test -->
  </suite> <!-- Default suite -->
</testng-results>
