<?xml version="1.0" encoding="UTF-8" ?>
<testsuite tests="47" failures="0" name="TestSuite" time="37.275" errors="0" skipped="0">
  <properties>
[...]
</properties>
  <testcase classname="basePackage.Test1" name="test1" time="0.738"/>
  <testcase classname="basePackage.Test1" name="test1" time="0.769"/>
  <testcase classname="basePackage.Test1" name="test1" time="0.772"/>
  <testcase classname="basePackage.Test1" name="test1" time="0.756"/>
  <testcase classname="basePackage.Test1" name="test1" time="0.953"/>
  <testcase classname="basePackage.Test1" name="test1" time="0.808"/>
  <testcase classname="basePackage.Test1" name="test1" time="0.728"/>
  <testcase classname="basePackage.Test1" name="test1" time="0.801"/>
  <testcase classname="basePackage.Test1" name="test1" time="0.893"/>
  <testcase classname="basePackage.Test1" name="test1" time="0.792"/>
  <testcase classname="basePackage.Test1" name="test1" time="0.866"/>
  <testcase classname="basePackage.Test1" name="test1" time="0.763"/>
  <testcase classname="basePackage.Test1" name="test1" time="0.737"/>
  <testcase classname="basePackage.Test1" name="test1" time="0.746"/>
  <testcase classname="basePackage.Test1" name="test1" time="0.773"/>
  <testcase classname="basePackage.Test1" name="test1" time="0.795"/>
  <testcase classname="basePackage.Test1" name="test1" time="0.817"/>
  <testcase classname="basePackage.Test1" name="test1" time="0.75"/>
  <testcase classname="basePackage.Test1" name="test1" time="0.764"/>
  <testcase classname="basePackage.Test1" name="test1" time="0.843"/>
  <testcase classname="basePackage.Test1" name="test1" time="0.746"/>
  <testcase classname="basePackage.Test1" name="test1" time="0.774"/>
  <testcase classname="basePackage.Test1" name="test1" time="0.776"/>
  <testcase classname="basePackage.Test1" name="test1" time="0.922"/>
  <testcase classname="basePackage.Test1" name="test1" time="0.788"/>
  <testcase classname="basePackage.Test1" name="test1" time="0.733"/>
  <testcase classname="basePackage.Test1" name="test1" time="0.79"/>
  <testcase classname="basePackage.Test1" name="test1" time="0.815"/>
  <testcase classname="basePackage.Test1" name="test1" time="0.826"/>
  <testcase classname="basePackage.Test1" name="test1" time="0.812"/>
  <testcase classname="basePackage.Test1" name="test1" time="0.707"/>
  <testcase classname="basePackage.Test1" name="test1" time="0.821"/>
  <testcase classname="basePackage.Test1" name="test1" time="0.781"/>
  <testcase classname="basePackage.Test1" name="test1" time="0.77"/>
  <testcase classname="basePackage.Test1" name="test1" time="0.69"/>
  <testcase classname="basePackage.Test1" name="test1" time="0.719"/>
  <testcase classname="basePackage.Test1" name="test1" time="0.785"/>
  <testcase classname="basePackage.Test1" name="test1" time="0.725"/>
  <testcase classname="basePackage.Test1" name="test1" time="0.766"/>
  <testcase classname="basePackage.Test1" name="test1" time="0.779"/>
  <testcase classname="basePackage.Test1" name="test1" time="0.852"/>
  <testcase classname="basePackage.Test1" name="test1" time="0.806"/>
  <testcase classname="basePackage.Test1" name="test1" time="0.847"/>
  <testcase classname="basePackage.Test1" name="test1" time="0.808"/>
  <testcase classname="basePackage.Test1" name="test1" time="0.802"/>
  <testcase classname="basePackage.Test1" name="test1" time="0.872"/>
  <testcase classname="basePackage.Test1" name="test1" time="0.899"/>
</testsuite>