<?xml version="1.0" encoding="UTF-8"?>
<testng-results skipped="0" failed="0" ignored="2" total="49" passed="47">
  <reporter-output>
  </reporter-output>
  <suite name="Command line suite" duration-ms="390429" started-at="2019-09-29T05:57:45Z" finished-at="2019-09-29T06:04:15Z">
    <groups>
    </groups>
    <test name="Command line test" duration-ms="390429" started-at="2019-09-29T05:57:45Z" finished-at="2019-09-29T06:04:15Z">
      <class name="basePackage.BaseTest">
        <test-method status="PASS" signature="beforeSuite()[pri:0, instance:basePackage.BaseTest@77b52d12]" name="beforeSuite" is-config="true" duration-ms="232" started-at="2019-09-29T05:57:45Z" finished-at="2019-09-29T05:57:45Z">
          <reporter-output>
          </reporter-output>
        </test-method> <!-- beforeSuite -->
        <test-method status="PASS" signature="afterSuite()[pri:0, instance:basePackage.BaseTest@77b52d12]" name="afterSuite" is-config="true" duration-ms="327" started-at="2019-09-29T06:04:15Z" finished-at="2019-09-29T06:04:16Z">
          <reporter-output>
          </reporter-output>
        </test-method> <!-- afterSuite -->
      </class> <!-- basePackage.BaseTest -->
      <class name="basePackage.Test1">
        <test-method status="PASS" signature="beforeMethod()[pri:0, instance:basePackage.Test1@2d554825]" name="beforeMethod" is-config="true" duration-ms="7695" started-at="2019-09-29T05:57:45Z" finished-at="2019-09-29T05:57:53Z">
          <reporter-output>
          </reporter-output>
        </test-method> <!-- beforeMethod -->
        <test-method status="PASS" signature="test1(java.lang.String, java.lang.String)[pri:0, instance:basePackage.Test1@2d554825]" name="test1" duration-ms="738" started-at="2019-09-29T05:57:53Z" data-provider="getData" finished-at="2019-09-29T05:57:54Z">
          <params>
            <param index="0">
              <value>
                <![CDATA[shash]]>
              </value>
            </param>
            <param index="1">
              <value>
                <![CDATA[passw]]>
              </value>
            </param>
          </params>
          <reporter-output>
          </reporter-output>
        </test-method> <!-- test1 -->
        <test-method status="PASS" signature="afterClass(org.testng.ITestResult)[pri:0, instance:basePackage.Test1@2d554825]" name="afterClass" is-config="true" duration-ms="640" started-at="2019-09-29T05:57:54Z" finished-at="2019-09-29T05:57:54Z">
          <params>
            <param index="0">
              <value>
                <![CDATA[[TestResult name=test1 status=SUCCESS method=Test1.test1(java.lang.String, java.lang.String)[pri:0, instance:basePackage.Test1@2d554825] output={null}]]]>
              </value>
            </param>
          </params>
          <reporter-output>
          </reporter-output>
        </test-method> <!-- afterClass -->
        <test-method status="PASS" signature="beforeMethod()[pri:0, instance:basePackage.Test1@2d554825]" name="beforeMethod" is-config="true" duration-ms="6307" started-at="2019-09-29T05:57:54Z" finished-at="2019-09-29T05:58:01Z">
          <reporter-output>
          </reporter-output>
        </test-method> <!-- beforeMethod -->
        <test-method status="PASS" signature="test1(java.lang.String, java.lang.String)[pri:0, instance:basePackage.Test1@2d554825]" name="test1" duration-ms="767" started-at="2019-09-29T05:58:01Z" data-provider="getData" finished-at="2019-09-29T05:58:02Z">
          <params>
            <param index="0">
              <value>
                <![CDATA[shash]]>
              </value>
            </param>
            <param index="1">
              <value>
                <![CDATA[passwo]]>
              </value>
            </param>
          </params>
          <reporter-output>
          </reporter-output>
        </test-method> <!-- test1 -->
        <test-method status="PASS" signature="afterClass(org.testng.ITestResult)[pri:0, instance:basePackage.Test1@2d554825]" name="afterClass" is-config="true" duration-ms="650" started-at="2019-09-29T05:58:02Z" finished-at="2019-09-29T05:58:02Z">
          <params>
            <param index="0">
              <value>
                <![CDATA[[TestResult name=test1 status=SUCCESS method=Test1.test1(java.lang.String, java.lang.String)[pri:0, instance:basePackage.Test1@2d554825] output={null}]]]>
              </value>
            </param>
          </params>
          <reporter-output>
          </reporter-output>
        </test-method> <!-- afterClass -->
        <test-method status="PASS" signature="beforeMethod()[pri:0, instance:basePackage.Test1@2d554825]" name="beforeMethod" is-config="true" duration-ms="7297" started-at="2019-09-29T05:58:02Z" finished-at="2019-09-29T05:58:09Z">
          <reporter-output>
          </reporter-output>
        </test-method> <!-- beforeMethod -->
        <test-method status="PASS" signature="test1(java.lang.String, java.lang.String)[pri:0, instance:basePackage.Test1@2d554825]" name="test1" duration-ms="772" started-at="2019-09-29T05:58:09Z" data-provider="getData" finished-at="2019-09-29T05:58:10Z">
          <params>
            <param index="0">
              <value>
                <![CDATA[shash]]>
              </value>
            </param>
            <param index="1">
              <value>
                <![CDATA[password]]>
              </value>
            </param>
          </params>
          <reporter-output>
          </reporter-output>
        </test-method> <!-- test1 -->
        <test-method status="PASS" signature="afterClass(org.testng.ITestResult)[pri:0, instance:basePackage.Test1@2d554825]" name="afterClass" is-config="true" duration-ms="727" started-at="2019-09-29T05:58:10Z" finished-at="2019-09-29T05:58:11Z">
          <params>
            <param index="0">
              <value>
                <![CDATA[[TestResult name=test1 status=SUCCESS method=Test1.test1(java.lang.String, java.lang.String)[pri:0, instance:basePackage.Test1@2d554825] output={null}]]]>
              </value>
            </param>
          </params>
          <reporter-output>
          </reporter-output>
        </test-method> <!-- afterClass -->
        <test-method status="PASS" signature="beforeMethod()[pri:0, instance:basePackage.Test1@2d554825]" name="beforeMethod" is-config="true" duration-ms="6807" started-at="2019-09-29T05:58:11Z" finished-at="2019-09-29T05:58:18Z">
          <reporter-output>
          </reporter-output>
        </test-method> <!-- beforeMethod -->
        <test-method status="PASS" signature="test1(java.lang.String, java.lang.String)[pri:0, instance:basePackage.Test1@2d554825]" name="test1" duration-ms="756" started-at="2019-09-29T05:58:18Z" data-provider="getData" finished-at="2019-09-29T05:58:19Z">
          <params>
            <param index="0">
              <value>
                <![CDATA[shash]]>
              </value>
            </param>
            <param index="1">
              <value>
                <![CDATA[password1]]>
              </value>
            </param>
          </params>
          <reporter-output>
          </reporter-output>
        </test-method> <!-- test1 -->
        <test-method status="PASS" signature="afterClass(org.testng.ITestResult)[pri:0, instance:basePackage.Test1@2d554825]" name="afterClass" is-config="true" duration-ms="638" started-at="2019-09-29T05:58:19Z" finished-at="2019-09-29T05:58:19Z">
          <params>
            <param index="0">
              <value>
                <![CDATA[[TestResult name=test1 status=SUCCESS method=Test1.test1(java.lang.String, java.lang.String)[pri:0, instance:basePackage.Test1@2d554825] output={null}]]]>
              </value>
            </param>
          </params>
          <reporter-output>
          </reporter-output>
        </test-method> <!-- afterClass -->
        <test-method status="PASS" signature="beforeMethod()[pri:0, instance:basePackage.Test1@2d554825]" name="beforeMethod" is-config="true" duration-ms="6961" started-at="2019-09-29T05:58:19Z" finished-at="2019-09-29T05:58:26Z">
          <reporter-output>
          </reporter-output>
        </test-method> <!-- beforeMethod -->
        <test-method status="PASS" signature="test1(java.lang.String, java.lang.String)[pri:0, instance:basePackage.Test1@2d554825]" name="test1" duration-ms="967" started-at="2019-09-29T05:58:26Z" data-provider="getData" finished-at="2019-09-29T05:58:27Z">
          <params>
            <param index="0">
              <value>
                <![CDATA[shash]]>
              </value>
            </param>
            <param index="1">
              <value>
                <![CDATA[pas]]>
              </value>
            </param>
          </params>
          <reporter-output>
          </reporter-output>
        </test-method> <!-- test1 -->
        <test-method status="PASS" signature="afterClass(org.testng.ITestResult)[pri:0, instance:basePackage.Test1@2d554825]" name="afterClass" is-config="true" duration-ms="705" started-at="2019-09-29T05:58:27Z" finished-at="2019-09-29T05:58:28Z">
          <params>
            <param index="0">
              <value>
                <![CDATA[[TestResult name=test1 status=SUCCESS method=Test1.test1(java.lang.String, java.lang.String)[pri:0, instance:basePackage.Test1@2d554825] output={null}]]]>
              </value>
            </param>
          </params>
          <reporter-output>
          </reporter-output>
        </test-method> <!-- afterClass -->
        <test-method status="PASS" signature="beforeMethod()[pri:0, instance:basePackage.Test1@2d554825]" name="beforeMethod" is-config="true" duration-ms="6113" started-at="2019-09-29T05:58:28Z" finished-at="2019-09-29T05:58:34Z">
          <reporter-output>
          </reporter-output>
        </test-method> <!-- beforeMethod -->
        <test-method status="PASS" signature="test1(java.lang.String, java.lang.String)[pri:0, instance:basePackage.Test1@2d554825]" name="test1" duration-ms="808" started-at="2019-09-29T05:58:34Z" data-provider="getData" finished-at="2019-09-29T05:58:35Z">
          <params>
            <param index="0">
              <value>
                <![CDATA[shash]]>
              </value>
            </param>
            <param index="1">
              <value>
                <![CDATA[password11]]>
              </value>
            </param>
          </params>
          <reporter-output>
          </reporter-output>
        </test-method> <!-- test1 -->
        <test-method status="PASS" signature="afterClass(org.testng.ITestResult)[pri:0, instance:basePackage.Test1@2d554825]" name="afterClass" is-config="true" duration-ms="683" started-at="2019-09-29T05:58:35Z" finished-at="2019-09-29T05:58:35Z">
          <params>
            <param index="0">
              <value>
                <![CDATA[[TestResult name=test1 status=SUCCESS method=Test1.test1(java.lang.String, java.lang.String)[pri:0, instance:basePackage.Test1@2d554825] output={null}]]]>
              </value>
            </param>
          </params>
          <reporter-output>
          </reporter-output>
        </test-method> <!-- afterClass -->
        <test-method status="PASS" signature="beforeMethod()[pri:0, instance:basePackage.Test1@2d554825]" name="beforeMethod" is-config="true" duration-ms="8016" started-at="2019-09-29T05:58:35Z" finished-at="2019-09-29T05:58:43Z">
          <reporter-output>
          </reporter-output>
        </test-method> <!-- beforeMethod -->
        <test-method status="PASS" signature="test1(java.lang.String, java.lang.String)[pri:0, instance:basePackage.Test1@2d554825]" name="test1" duration-ms="728" started-at="2019-09-29T05:58:43Z" data-provider="getData" finished-at="2019-09-29T05:58:44Z">
          <params>
            <param index="0">
              <value>
                <![CDATA[shasha]]>
              </value>
            </param>
            <param index="1">
              <value>
                <![CDATA[pass]]>
              </value>
            </param>
          </params>
          <reporter-output>
          </reporter-output>
        </test-method> <!-- test1 -->
        <test-method status="PASS" signature="afterClass(org.testng.ITestResult)[pri:0, instance:basePackage.Test1@2d554825]" name="afterClass" is-config="true" duration-ms="762" started-at="2019-09-29T05:58:44Z" finished-at="2019-09-29T05:58:45Z">
          <params>
            <param index="0">
              <value>
                <![CDATA[[TestResult name=test1 status=SUCCESS method=Test1.test1(java.lang.String, java.lang.String)[pri:0, instance:basePackage.Test1@2d554825] output={null}]]]>
              </value>
            </param>
          </params>
          <reporter-output>
          </reporter-output>
        </test-method> <!-- afterClass -->
        <test-method status="PASS" signature="beforeMethod()[pri:0, instance:basePackage.Test1@2d554825]" name="beforeMethod" is-config="true" duration-ms="6511" started-at="2019-09-29T05:58:45Z" finished-at="2019-09-29T05:58:51Z">
          <reporter-output>
          </reporter-output>
        </test-method> <!-- beforeMethod -->
        <test-method status="PASS" signature="test1(java.lang.String, java.lang.String)[pri:0, instance:basePackage.Test1@2d554825]" name="test1" duration-ms="800" started-at="2019-09-29T05:58:51Z" data-provider="getData" finished-at="2019-09-29T05:58:52Z">
          <params>
            <param index="0">
              <value>
                <![CDATA[shasha]]>
              </value>
            </param>
            <param index="1">
              <value>
                <![CDATA[passw]]>
              </value>
            </param>
          </params>
          <reporter-output>
          </reporter-output>
        </test-method> <!-- test1 -->
        <test-method status="PASS" signature="afterClass(org.testng.ITestResult)[pri:0, instance:basePackage.Test1@2d554825]" name="afterClass" is-config="true" duration-ms="664" started-at="2019-09-29T05:58:52Z" finished-at="2019-09-29T05:58:53Z">
          <params>
            <param index="0">
              <value>
                <![CDATA[[TestResult name=test1 status=SUCCESS method=Test1.test1(java.lang.String, java.lang.String)[pri:0, instance:basePackage.Test1@2d554825] output={null}]]]>
              </value>
            </param>
          </params>
          <reporter-output>
          </reporter-output>
        </test-method> <!-- afterClass -->
        <test-method status="PASS" signature="beforeMethod()[pri:0, instance:basePackage.Test1@2d554825]" name="beforeMethod" is-config="true" duration-ms="8312" started-at="2019-09-29T05:58:53Z" finished-at="2019-09-29T05:59:01Z">
          <reporter-output>
          </reporter-output>
        </test-method> <!-- beforeMethod -->
        <test-method status="PASS" signature="test1(java.lang.String, java.lang.String)[pri:0, instance:basePackage.Test1@2d554825]" name="test1" duration-ms="893" started-at="2019-09-29T05:59:01Z" data-provider="getData" finished-at="2019-09-29T05:59:02Z">
          <params>
            <param index="0">
              <value>
                <![CDATA[shasha]]>
              </value>
            </param>
            <param index="1">
              <value>
                <![CDATA[passwo]]>
              </value>
            </param>
          </params>
          <reporter-output>
          </reporter-output>
        </test-method> <!-- test1 -->
        <test-method status="PASS" signature="afterClass(org.testng.ITestResult)[pri:0, instance:basePackage.Test1@2d554825]" name="afterClass" is-config="true" duration-ms="754" started-at="2019-09-29T05:59:02Z" finished-at="2019-09-29T05:59:03Z">
          <params>
            <param index="0">
              <value>
                <![CDATA[[TestResult name=test1 status=SUCCESS method=Test1.test1(java.lang.String, java.lang.String)[pri:0, instance:basePackage.Test1@2d554825] output={null}]]]>
              </value>
            </param>
          </params>
          <reporter-output>
          </reporter-output>
        </test-method> <!-- afterClass -->
        <test-method status="PASS" signature="beforeMethod()[pri:0, instance:basePackage.Test1@2d554825]" name="beforeMethod" is-config="true" duration-ms="6146" started-at="2019-09-29T05:59:03Z" finished-at="2019-09-29T05:59:09Z">
          <reporter-output>
          </reporter-output>
        </test-method> <!-- beforeMethod -->
        <test-method status="PASS" signature="test1(java.lang.String, java.lang.String)[pri:0, instance:basePackage.Test1@2d554825]" name="test1" duration-ms="793" started-at="2019-09-29T05:59:09Z" data-provider="getData" finished-at="2019-09-29T05:59:10Z">
          <params>
            <param index="0">
              <value>
                <![CDATA[shasha]]>
              </value>
            </param>
            <param index="1">
              <value>
                <![CDATA[password]]>
              </value>
            </param>
          </params>
          <reporter-output>
          </reporter-output>
        </test-method> <!-- test1 -->
        <test-method status="PASS" signature="afterClass(org.testng.ITestResult)[pri:0, instance:basePackage.Test1@2d554825]" name="afterClass" is-config="true" duration-ms="637" started-at="2019-09-29T05:59:10Z" finished-at="2019-09-29T05:59:10Z">
          <params>
            <param index="0">
              <value>
                <![CDATA[[TestResult name=test1 status=SUCCESS method=Test1.test1(java.lang.String, java.lang.String)[pri:0, instance:basePackage.Test1@2d554825] output={null}]]]>
              </value>
            </param>
          </params>
          <reporter-output>
          </reporter-output>
        </test-method> <!-- afterClass -->
        <test-method status="PASS" signature="beforeMethod()[pri:0, instance:basePackage.Test1@2d554825]" name="beforeMethod" is-config="true" duration-ms="6445" started-at="2019-09-29T05:59:10Z" finished-at="2019-09-29T05:59:17Z">
          <reporter-output>
          </reporter-output>
        </test-method> <!-- beforeMethod -->
        <test-method status="PASS" signature="test1(java.lang.String, java.lang.String)[pri:0, instance:basePackage.Test1@2d554825]" name="test1" duration-ms="866" started-at="2019-09-29T05:59:17Z" data-provider="getData" finished-at="2019-09-29T05:59:18Z">
          <params>
            <param index="0">
              <value>
                <![CDATA[shasha]]>
              </value>
            </param>
            <param index="1">
              <value>
                <![CDATA[password1]]>
              </value>
            </param>
          </params>
          <reporter-output>
          </reporter-output>
        </test-method> <!-- test1 -->
        <test-method status="PASS" signature="afterClass(org.testng.ITestResult)[pri:0, instance:basePackage.Test1@2d554825]" name="afterClass" is-config="true" duration-ms="706" started-at="2019-09-29T05:59:18Z" finished-at="2019-09-29T05:59:18Z">
          <params>
            <param index="0">
              <value>
                <![CDATA[[TestResult name=test1 status=SUCCESS method=Test1.test1(java.lang.String, java.lang.String)[pri:0, instance:basePackage.Test1@2d554825] output={null}]]]>
              </value>
            </param>
          </params>
          <reporter-output>
          </reporter-output>
        </test-method> <!-- afterClass -->
        <test-method status="PASS" signature="beforeMethod()[pri:0, instance:basePackage.Test1@2d554825]" name="beforeMethod" is-config="true" duration-ms="6279" started-at="2019-09-29T05:59:18Z" finished-at="2019-09-29T05:59:25Z">
          <reporter-output>
          </reporter-output>
        </test-method> <!-- beforeMethod -->
        <test-method status="PASS" signature="test1(java.lang.String, java.lang.String)[pri:0, instance:basePackage.Test1@2d554825]" name="test1" duration-ms="766" started-at="2019-09-29T05:59:25Z" data-provider="getData" finished-at="2019-09-29T05:59:26Z">
          <params>
            <param index="0">
              <value>
                <![CDATA[shasha]]>
              </value>
            </param>
            <param index="1">
              <value>
                <![CDATA[pas]]>
              </value>
            </param>
          </params>
          <reporter-output>
          </reporter-output>
        </test-method> <!-- test1 -->
        <test-method status="PASS" signature="afterClass(org.testng.ITestResult)[pri:0, instance:basePackage.Test1@2d554825]" name="afterClass" is-config="true" duration-ms="676" started-at="2019-09-29T05:59:26Z" finished-at="2019-09-29T05:59:26Z">
          <params>
            <param index="0">
              <value>
                <![CDATA[[TestResult name=test1 status=SUCCESS method=Test1.test1(java.lang.String, java.lang.String)[pri:0, instance:basePackage.Test1@2d554825] output={null}]]]>
              </value>
            </param>
          </params>
          <reporter-output>
          </reporter-output>
        </test-method> <!-- afterClass -->
        <test-method status="PASS" signature="beforeMethod()[pri:0, instance:basePackage.Test1@2d554825]" name="beforeMethod" is-config="true" duration-ms="8267" started-at="2019-09-29T05:59:26Z" finished-at="2019-09-29T05:59:34Z">
          <reporter-output>
          </reporter-output>
        </test-method> <!-- beforeMethod -->
        <test-method status="PASS" signature="test1(java.lang.String, java.lang.String)[pri:0, instance:basePackage.Test1@2d554825]" name="test1" duration-ms="739" started-at="2019-09-29T05:59:34Z" data-provider="getData" finished-at="2019-09-29T05:59:35Z">
          <params>
            <param index="0">
              <value>
                <![CDATA[shasha]]>
              </value>
            </param>
            <param index="1">
              <value>
                <![CDATA[password11]]>
              </value>
            </param>
          </params>
          <reporter-output>
          </reporter-output>
        </test-method> <!-- test1 -->
        <test-method status="PASS" signature="afterClass(org.testng.ITestResult)[pri:0, instance:basePackage.Test1@2d554825]" name="afterClass" is-config="true" duration-ms="661" started-at="2019-09-29T05:59:35Z" finished-at="2019-09-29T05:59:36Z">
          <params>
            <param index="0">
              <value>
                <![CDATA[[TestResult name=test1 status=SUCCESS method=Test1.test1(java.lang.String, java.lang.String)[pri:0, instance:basePackage.Test1@2d554825] output={null}]]]>
              </value>
            </param>
          </params>
          <reporter-output>
          </reporter-output>
        </test-method> <!-- afterClass -->
        <test-method status="PASS" signature="beforeMethod()[pri:0, instance:basePackage.Test1@2d554825]" name="beforeMethod" is-config="true" duration-ms="6539" started-at="2019-09-29T05:59:36Z" finished-at="2019-09-29T05:59:42Z">
          <reporter-output>
          </reporter-output>
        </test-method> <!-- beforeMethod -->
        <test-method status="PASS" signature="test1(java.lang.String, java.lang.String)[pri:0, instance:basePackage.Test1@2d554825]" name="test1" duration-ms="747" started-at="2019-09-29T05:59:42Z" data-provider="getData" finished-at="2019-09-29T05:59:43Z">
          <params>
            <param index="0">
              <value>
                <![CDATA[shashank]]>
              </value>
            </param>
            <param index="1">
              <value>
                <![CDATA[pass]]>
              </value>
            </param>
          </params>
          <reporter-output>
          </reporter-output>
        </test-method> <!-- test1 -->
        <test-method status="PASS" signature="afterClass(org.testng.ITestResult)[pri:0, instance:basePackage.Test1@2d554825]" name="afterClass" is-config="true" duration-ms="750" started-at="2019-09-29T05:59:43Z" finished-at="2019-09-29T05:59:44Z">
          <params>
            <param index="0">
              <value>
                <![CDATA[[TestResult name=test1 status=SUCCESS method=Test1.test1(java.lang.String, java.lang.String)[pri:0, instance:basePackage.Test1@2d554825] output={null}]]]>
              </value>
            </param>
          </params>
          <reporter-output>
          </reporter-output>
        </test-method> <!-- afterClass -->
        <test-method status="PASS" signature="beforeMethod()[pri:0, instance:basePackage.Test1@2d554825]" name="beforeMethod" is-config="true" duration-ms="7518" started-at="2019-09-29T05:59:44Z" finished-at="2019-09-29T05:59:51Z">
          <reporter-output>
          </reporter-output>
        </test-method> <!-- beforeMethod -->
        <test-method status="PASS" signature="test1(java.lang.String, java.lang.String)[pri:0, instance:basePackage.Test1@2d554825]" name="test1" duration-ms="772" started-at="2019-09-29T05:59:51Z" data-provider="getData" finished-at="2019-09-29T05:59:52Z">
          <params>
            <param index="0">
              <value>
                <![CDATA[shashank]]>
              </value>
            </param>
            <param index="1">
              <value>
                <![CDATA[passw]]>
              </value>
            </param>
          </params>
          <reporter-output>
          </reporter-output>
        </test-method> <!-- test1 -->
        <test-method status="PASS" signature="afterClass(org.testng.ITestResult)[pri:0, instance:basePackage.Test1@2d554825]" name="afterClass" is-config="true" duration-ms="650" started-at="2019-09-29T05:59:52Z" finished-at="2019-09-29T05:59:53Z">
          <params>
            <param index="0">
              <value>
                <![CDATA[[TestResult name=test1 status=SUCCESS method=Test1.test1(java.lang.String, java.lang.String)[pri:0, instance:basePackage.Test1@2d554825] output={null}]]]>
              </value>
            </param>
          </params>
          <reporter-output>
          </reporter-output>
        </test-method> <!-- afterClass -->
        <test-method status="PASS" signature="beforeMethod()[pri:0, instance:basePackage.Test1@2d554825]" name="beforeMethod" is-config="true" duration-ms="6445" started-at="2019-09-29T05:59:53Z" finished-at="2019-09-29T05:59:59Z">
          <reporter-output>
          </reporter-output>
        </test-method> <!-- beforeMethod -->
        <test-method status="PASS" signature="test1(java.lang.String, java.lang.String)[pri:0, instance:basePackage.Test1@2d554825]" name="test1" duration-ms="794" started-at="2019-09-29T05:59:59Z" data-provider="getData" finished-at="2019-09-29T06:00:00Z">
          <params>
            <param index="0">
              <value>
                <![CDATA[shashank]]>
              </value>
            </param>
            <param index="1">
              <value>
                <![CDATA[passwo]]>
              </value>
            </param>
          </params>
          <reporter-output>
          </reporter-output>
        </test-method> <!-- test1 -->
        <test-method status="PASS" signature="afterClass(org.testng.ITestResult)[pri:0, instance:basePackage.Test1@2d554825]" name="afterClass" is-config="true" duration-ms="710" started-at="2019-09-29T06:00:00Z" finished-at="2019-09-29T06:00:01Z">
          <params>
            <param index="0">
              <value>
                <![CDATA[[TestResult name=test1 status=SUCCESS method=Test1.test1(java.lang.String, java.lang.String)[pri:0, instance:basePackage.Test1@2d554825] output={null}]]]>
              </value>
            </param>
          </params>
          <reporter-output>
          </reporter-output>
        </test-method> <!-- afterClass -->
        <test-method status="PASS" signature="beforeMethod()[pri:0, instance:basePackage.Test1@2d554825]" name="beforeMethod" is-config="true" duration-ms="6609" started-at="2019-09-29T06:00:01Z" finished-at="2019-09-29T06:00:07Z">
          <reporter-output>
          </reporter-output>
        </test-method> <!-- beforeMethod -->
        <test-method status="PASS" signature="test1(java.lang.String, java.lang.String)[pri:0, instance:basePackage.Test1@2d554825]" name="test1" duration-ms="817" started-at="2019-09-29T06:00:07Z" data-provider="getData" finished-at="2019-09-29T06:00:08Z">
          <params>
            <param index="0">
              <value>
                <![CDATA[shashank]]>
              </value>
            </param>
            <param index="1">
              <value>
                <![CDATA[password]]>
              </value>
            </param>
          </params>
          <reporter-output>
          </reporter-output>
        </test-method> <!-- test1 -->
        <test-method status="PASS" signature="afterClass(org.testng.ITestResult)[pri:0, instance:basePackage.Test1@2d554825]" name="afterClass" is-config="true" duration-ms="719" started-at="2019-09-29T06:00:08Z" finished-at="2019-09-29T06:00:09Z">
          <params>
            <param index="0">
              <value>
                <![CDATA[[TestResult name=test1 status=SUCCESS method=Test1.test1(java.lang.String, java.lang.String)[pri:0, instance:basePackage.Test1@2d554825] output={null}]]]>
              </value>
            </param>
          </params>
          <reporter-output>
          </reporter-output>
        </test-method> <!-- afterClass -->
        <test-method status="PASS" signature="beforeMethod()[pri:0, instance:basePackage.Test1@2d554825]" name="beforeMethod" is-config="true" duration-ms="6376" started-at="2019-09-29T06:00:09Z" finished-at="2019-09-29T06:00:15Z">
          <reporter-output>
          </reporter-output>
        </test-method> <!-- beforeMethod -->
        <test-method status="PASS" signature="test1(java.lang.String, java.lang.String)[pri:0, instance:basePackage.Test1@2d554825]" name="test1" duration-ms="749" started-at="2019-09-29T06:00:15Z" data-provider="getData" finished-at="2019-09-29T06:00:16Z">
          <params>
            <param index="0">
              <value>
                <![CDATA[shashank]]>
              </value>
            </param>
            <param index="1">
              <value>
                <![CDATA[password1]]>
              </value>
            </param>
          </params>
          <reporter-output>
          </reporter-output>
        </test-method> <!-- test1 -->
        <test-method status="PASS" signature="afterClass(org.testng.ITestResult)[pri:0, instance:basePackage.Test1@2d554825]" name="afterClass" is-config="true" duration-ms="647" started-at="2019-09-29T06:00:16Z" finished-at="2019-09-29T06:00:17Z">
          <params>
            <param index="0">
              <value>
                <![CDATA[[TestResult name=test1 status=SUCCESS method=Test1.test1(java.lang.String, java.lang.String)[pri:0, instance:basePackage.Test1@2d554825] output={null}]]]>
              </value>
            </param>
          </params>
          <reporter-output>
          </reporter-output>
        </test-method> <!-- afterClass -->
        <test-method status="PASS" signature="beforeMethod()[pri:0, instance:basePackage.Test1@2d554825]" name="beforeMethod" is-config="true" duration-ms="6547" started-at="2019-09-29T06:00:17Z" finished-at="2019-09-29T06:00:23Z">
          <reporter-output>
          </reporter-output>
        </test-method> <!-- beforeMethod -->
        <test-method status="PASS" signature="test1(java.lang.String, java.lang.String)[pri:0, instance:basePackage.Test1@2d554825]" name="test1" duration-ms="767" started-at="2019-09-29T06:00:23Z" data-provider="getData" finished-at="2019-09-29T06:00:24Z">
          <params>
            <param index="0">
              <value>
                <![CDATA[shashank]]>
              </value>
            </param>
            <param index="1">
              <value>
                <![CDATA[pas]]>
              </value>
            </param>
          </params>
          <reporter-output>
          </reporter-output>
        </test-method> <!-- test1 -->
        <test-method status="PASS" signature="afterClass(org.testng.ITestResult)[pri:0, instance:basePackage.Test1@2d554825]" name="afterClass" is-config="true" duration-ms="660" started-at="2019-09-29T06:00:24Z" finished-at="2019-09-29T06:00:25Z">
          <params>
            <param index="0">
              <value>
                <![CDATA[[TestResult name=test1 status=SUCCESS method=Test1.test1(java.lang.String, java.lang.String)[pri:0, instance:basePackage.Test1@2d554825] output={null}]]]>
              </value>
            </param>
          </params>
          <reporter-output>
          </reporter-output>
        </test-method> <!-- afterClass -->
        <test-method status="PASS" signature="beforeMethod()[pri:0, instance:basePackage.Test1@2d554825]" name="beforeMethod" is-config="true" duration-ms="6704" started-at="2019-09-29T06:00:25Z" finished-at="2019-09-29T06:00:31Z">
          <reporter-output>
          </reporter-output>
        </test-method> <!-- beforeMethod -->
        <test-method status="PASS" signature="test1(java.lang.String, java.lang.String)[pri:0, instance:basePackage.Test1@2d554825]" name="test1" duration-ms="843" started-at="2019-09-29T06:00:31Z" data-provider="getData" finished-at="2019-09-29T06:00:32Z">
          <params>
            <param index="0">
              <value>
                <![CDATA[shashank]]>
              </value>
            </param>
            <param index="1">
              <value>
                <![CDATA[password11]]>
              </value>
            </param>
          </params>
          <reporter-output>
          </reporter-output>
        </test-method> <!-- test1 -->
        <test-method status="PASS" signature="afterClass(org.testng.ITestResult)[pri:0, instance:basePackage.Test1@2d554825]" name="afterClass" is-config="true" duration-ms="664" started-at="2019-09-29T06:00:32Z" finished-at="2019-09-29T06:00:33Z">
          <params>
            <param index="0">
              <value>
                <![CDATA[[TestResult name=test1 status=SUCCESS method=Test1.test1(java.lang.String, java.lang.String)[pri:0, instance:basePackage.Test1@2d554825] output={null}]]]>
              </value>
            </param>
          </params>
          <reporter-output>
          </reporter-output>
        </test-method> <!-- afterClass -->
        <test-method status="PASS" signature="beforeMethod()[pri:0, instance:basePackage.Test1@2d554825]" name="beforeMethod" is-config="true" duration-ms="6255" started-at="2019-09-29T06:00:33Z" finished-at="2019-09-29T06:00:39Z">
          <reporter-output>
          </reporter-output>
        </test-method> <!-- beforeMethod -->
        <test-method status="PASS" signature="test1(java.lang.String, java.lang.String)[pri:0, instance:basePackage.Test1@2d554825]" name="test1" duration-ms="745" started-at="2019-09-29T06:00:39Z" data-provider="getData" finished-at="2019-09-29T06:00:40Z">
          <params>
            <param index="0">
              <value>
                <![CDATA[shashankras]]>
              </value>
            </param>
            <param index="1">
              <value>
                <![CDATA[pass]]>
              </value>
            </param>
          </params>
          <reporter-output>
          </reporter-output>
        </test-method> <!-- test1 -->
        <test-method status="PASS" signature="afterClass(org.testng.ITestResult)[pri:0, instance:basePackage.Test1@2d554825]" name="afterClass" is-config="true" duration-ms="654" started-at="2019-09-29T06:00:40Z" finished-at="2019-09-29T06:00:41Z">
          <params>
            <param index="0">
              <value>
                <![CDATA[[TestResult name=test1 status=SUCCESS method=Test1.test1(java.lang.String, java.lang.String)[pri:0, instance:basePackage.Test1@2d554825] output={null}]]]>
              </value>
            </param>
          </params>
          <reporter-output>
          </reporter-output>
        </test-method> <!-- afterClass -->
        <test-method status="PASS" signature="beforeMethod()[pri:0, instance:basePackage.Test1@2d554825]" name="beforeMethod" is-config="true" duration-ms="7075" started-at="2019-09-29T06:00:41Z" finished-at="2019-09-29T06:00:48Z">
          <reporter-output>
          </reporter-output>
        </test-method> <!-- beforeMethod -->
        <test-method status="PASS" signature="test1(java.lang.String, java.lang.String)[pri:0, instance:basePackage.Test1@2d554825]" name="test1" duration-ms="774" started-at="2019-09-29T06:00:48Z" data-provider="getData" finished-at="2019-09-29T06:00:48Z">
          <params>
            <param index="0">
              <value>
                <![CDATA[shashankras]]>
              </value>
            </param>
            <param index="1">
              <value>
                <![CDATA[passw]]>
              </value>
            </param>
          </params>
          <reporter-output>
          </reporter-output>
        </test-method> <!-- test1 -->
        <test-method status="PASS" signature="afterClass(org.testng.ITestResult)[pri:0, instance:basePackage.Test1@2d554825]" name="afterClass" is-config="true" duration-ms="673" started-at="2019-09-29T06:00:48Z" finished-at="2019-09-29T06:00:49Z">
          <params>
            <param index="0">
              <value>
                <![CDATA[[TestResult name=test1 status=SUCCESS method=Test1.test1(java.lang.String, java.lang.String)[pri:0, instance:basePackage.Test1@2d554825] output={null}]]]>
              </value>
            </param>
          </params>
          <reporter-output>
          </reporter-output>
        </test-method> <!-- afterClass -->
        <test-method status="PASS" signature="beforeMethod()[pri:0, instance:basePackage.Test1@2d554825]" name="beforeMethod" is-config="true" duration-ms="7227" started-at="2019-09-29T06:00:49Z" finished-at="2019-09-29T06:00:56Z">
          <reporter-output>
          </reporter-output>
        </test-method> <!-- beforeMethod -->
        <test-method status="PASS" signature="test1(java.lang.String, java.lang.String)[pri:0, instance:basePackage.Test1@2d554825]" name="test1" duration-ms="776" started-at="2019-09-29T06:00:56Z" data-provider="getData" finished-at="2019-09-29T06:00:57Z">
          <params>
            <param index="0">
              <value>
                <![CDATA[shashankras]]>
              </value>
            </param>
            <param index="1">
              <value>
                <![CDATA[passwo]]>
              </value>
            </param>
          </params>
          <reporter-output>
          </reporter-output>
        </test-method> <!-- test1 -->
        <test-method status="PASS" signature="afterClass(org.testng.ITestResult)[pri:0, instance:basePackage.Test1@2d554825]" name="afterClass" is-config="true" duration-ms="677" started-at="2019-09-29T06:00:57Z" finished-at="2019-09-29T06:00:58Z">
          <params>
            <param index="0">
              <value>
                <![CDATA[[TestResult name=test1 status=SUCCESS method=Test1.test1(java.lang.String, java.lang.String)[pri:0, instance:basePackage.Test1@2d554825] output={null}]]]>
              </value>
            </param>
          </params>
          <reporter-output>
          </reporter-output>
        </test-method> <!-- afterClass -->
        <test-method status="PASS" signature="beforeMethod()[pri:0, instance:basePackage.Test1@2d554825]" name="beforeMethod" is-config="true" duration-ms="6981" started-at="2019-09-29T06:00:58Z" finished-at="2019-09-29T06:01:05Z">
          <reporter-output>
          </reporter-output>
        </test-method> <!-- beforeMethod -->
        <test-method status="PASS" signature="test1(java.lang.String, java.lang.String)[pri:0, instance:basePackage.Test1@2d554825]" name="test1" duration-ms="921" started-at="2019-09-29T06:01:05Z" data-provider="getData" finished-at="2019-09-29T06:01:06Z">
          <params>
            <param index="0">
              <value>
                <![CDATA[shashankras]]>
              </value>
            </param>
            <param index="1">
              <value>
                <![CDATA[password]]>
              </value>
            </param>
          </params>
          <reporter-output>
          </reporter-output>
        </test-method> <!-- test1 -->
        <test-method status="PASS" signature="afterClass(org.testng.ITestResult)[pri:0, instance:basePackage.Test1@2d554825]" name="afterClass" is-config="true" duration-ms="680" started-at="2019-09-29T06:01:06Z" finished-at="2019-09-29T06:01:06Z">
          <params>
            <param index="0">
              <value>
                <![CDATA[[TestResult name=test1 status=SUCCESS method=Test1.test1(java.lang.String, java.lang.String)[pri:0, instance:basePackage.Test1@2d554825] output={null}]]]>
              </value>
            </param>
          </params>
          <reporter-output>
          </reporter-output>
        </test-method> <!-- afterClass -->
        <test-method status="PASS" signature="beforeMethod()[pri:0, instance:basePackage.Test1@2d554825]" name="beforeMethod" is-config="true" duration-ms="6161" started-at="2019-09-29T06:01:06Z" finished-at="2019-09-29T06:01:12Z">
          <reporter-output>
          </reporter-output>
        </test-method> <!-- beforeMethod -->
        <test-method status="PASS" signature="test1(java.lang.String, java.lang.String)[pri:0, instance:basePackage.Test1@2d554825]" name="test1" duration-ms="788" started-at="2019-09-29T06:01:12Z" data-provider="getData" finished-at="2019-09-29T06:01:13Z">
          <params>
            <param index="0">
              <value>
                <![CDATA[shashankras]]>
              </value>
            </param>
            <param index="1">
              <value>
                <![CDATA[password1]]>
              </value>
            </param>
          </params>
          <reporter-output>
          </reporter-output>
        </test-method> <!-- test1 -->
        <test-method status="PASS" signature="afterClass(org.testng.ITestResult)[pri:0, instance:basePackage.Test1@2d554825]" name="afterClass" is-config="true" duration-ms="632" started-at="2019-09-29T06:01:13Z" finished-at="2019-09-29T06:01:14Z">
          <params>
            <param index="0">
              <value>
                <![CDATA[[TestResult name=test1 status=SUCCESS method=Test1.test1(java.lang.String, java.lang.String)[pri:0, instance:basePackage.Test1@2d554825] output={null}]]]>
              </value>
            </param>
          </params>
          <reporter-output>
          </reporter-output>
        </test-method> <!-- afterClass -->
        <test-method status="PASS" signature="beforeMethod()[pri:0, instance:basePackage.Test1@2d554825]" name="beforeMethod" is-config="true" duration-ms="6956" started-at="2019-09-29T06:01:14Z" finished-at="2019-09-29T06:01:21Z">
          <reporter-output>
          </reporter-output>
        </test-method> <!-- beforeMethod -->
        <test-method status="PASS" signature="test1(java.lang.String, java.lang.String)[pri:0, instance:basePackage.Test1@2d554825]" name="test1" duration-ms="734" started-at="2019-09-29T06:01:21Z" data-provider="getData" finished-at="2019-09-29T06:01:22Z">
          <params>
            <param index="0">
              <value>
                <![CDATA[shashankras]]>
              </value>
            </param>
            <param index="1">
              <value>
                <![CDATA[pas]]>
              </value>
            </param>
          </params>
          <reporter-output>
          </reporter-output>
        </test-method> <!-- test1 -->
        <test-method status="PASS" signature="afterClass(org.testng.ITestResult)[pri:0, instance:basePackage.Test1@2d554825]" name="afterClass" is-config="true" duration-ms="679" started-at="2019-09-29T06:01:22Z" finished-at="2019-09-29T06:01:22Z">
          <params>
            <param index="0">
              <value>
                <![CDATA[[TestResult name=test1 status=SUCCESS method=Test1.test1(java.lang.String, java.lang.String)[pri:0, instance:basePackage.Test1@2d554825] output={null}]]]>
              </value>
            </param>
          </params>
          <reporter-output>
          </reporter-output>
        </test-method> <!-- afterClass -->
        <test-method status="PASS" signature="beforeMethod()[pri:0, instance:basePackage.Test1@2d554825]" name="beforeMethod" is-config="true" duration-ms="6450" started-at="2019-09-29T06:01:22Z" finished-at="2019-09-29T06:01:29Z">
          <reporter-output>
          </reporter-output>
        </test-method> <!-- beforeMethod -->
        <test-method status="PASS" signature="test1(java.lang.String, java.lang.String)[pri:0, instance:basePackage.Test1@2d554825]" name="test1" duration-ms="790" started-at="2019-09-29T06:01:29Z" data-provider="getData" finished-at="2019-09-29T06:01:30Z">
          <params>
            <param index="0">
              <value>
                <![CDATA[shashankras]]>
              </value>
            </param>
            <param index="1">
              <value>
                <![CDATA[password11]]>
              </value>
            </param>
          </params>
          <reporter-output>
          </reporter-output>
        </test-method> <!-- test1 -->
        <test-method status="PASS" signature="afterClass(org.testng.ITestResult)[pri:0, instance:basePackage.Test1@2d554825]" name="afterClass" is-config="true" duration-ms="684" started-at="2019-09-29T06:01:30Z" finished-at="2019-09-29T06:01:30Z">
          <params>
            <param index="0">
              <value>
                <![CDATA[[TestResult name=test1 status=SUCCESS method=Test1.test1(java.lang.String, java.lang.String)[pri:0, instance:basePackage.Test1@2d554825] output={null}]]]>
              </value>
            </param>
          </params>
          <reporter-output>
          </reporter-output>
        </test-method> <!-- afterClass -->
        <test-method status="PASS" signature="beforeMethod()[pri:0, instance:basePackage.Test1@2d554825]" name="beforeMethod" is-config="true" duration-ms="6409" started-at="2019-09-29T06:01:30Z" finished-at="2019-09-29T06:01:37Z">
          <reporter-output>
          </reporter-output>
        </test-method> <!-- beforeMethod -->
        <test-method status="PASS" signature="test1(java.lang.String, java.lang.String)[pri:0, instance:basePackage.Test1@2d554825]" name="test1" duration-ms="815" started-at="2019-09-29T06:01:37Z" data-provider="getData" finished-at="2019-09-29T06:01:37Z">
          <params>
            <param index="0">
              <value>
                <![CDATA[shashankrast]]>
              </value>
            </param>
            <param index="1">
              <value>
                <![CDATA[pass]]>
              </value>
            </param>
          </params>
          <reporter-output>
          </reporter-output>
        </test-method> <!-- test1 -->
        <test-method status="PASS" signature="afterClass(org.testng.ITestResult)[pri:0, instance:basePackage.Test1@2d554825]" name="afterClass" is-config="true" duration-ms="664" started-at="2019-09-29T06:01:37Z" finished-at="2019-09-29T06:01:38Z">
          <params>
            <param index="0">
              <value>
                <![CDATA[[TestResult name=test1 status=SUCCESS method=Test1.test1(java.lang.String, java.lang.String)[pri:0, instance:basePackage.Test1@2d554825] output={null}]]]>
              </value>
            </param>
          </params>
          <reporter-output>
          </reporter-output>
        </test-method> <!-- afterClass -->
        <test-method status="PASS" signature="beforeMethod()[pri:0, instance:basePackage.Test1@2d554825]" name="beforeMethod" is-config="true" duration-ms="6685" started-at="2019-09-29T06:01:38Z" finished-at="2019-09-29T06:01:45Z">
          <reporter-output>
          </reporter-output>
        </test-method> <!-- beforeMethod -->
        <test-method status="PASS" signature="test1(java.lang.String, java.lang.String)[pri:0, instance:basePackage.Test1@2d554825]" name="test1" duration-ms="826" started-at="2019-09-29T06:01:45Z" data-provider="getData" finished-at="2019-09-29T06:01:46Z">
          <params>
            <param index="0">
              <value>
                <![CDATA[shashankrast]]>
              </value>
            </param>
            <param index="1">
              <value>
                <![CDATA[passw]]>
              </value>
            </param>
          </params>
          <reporter-output>
          </reporter-output>
        </test-method> <!-- test1 -->
        <test-method status="PASS" signature="afterClass(org.testng.ITestResult)[pri:0, instance:basePackage.Test1@2d554825]" name="afterClass" is-config="true" duration-ms="740" started-at="2019-09-29T06:01:46Z" finished-at="2019-09-29T06:01:46Z">
          <params>
            <param index="0">
              <value>
                <![CDATA[[TestResult name=test1 status=SUCCESS method=Test1.test1(java.lang.String, java.lang.String)[pri:0, instance:basePackage.Test1@2d554825] output={null}]]]>
              </value>
            </param>
          </params>
          <reporter-output>
          </reporter-output>
        </test-method> <!-- afterClass -->
        <test-method status="PASS" signature="beforeMethod()[pri:0, instance:basePackage.Test1@2d554825]" name="beforeMethod" is-config="true" duration-ms="6323" started-at="2019-09-29T06:01:46Z" finished-at="2019-09-29T06:01:53Z">
          <reporter-output>
          </reporter-output>
        </test-method> <!-- beforeMethod -->
        <test-method status="PASS" signature="test1(java.lang.String, java.lang.String)[pri:0, instance:basePackage.Test1@2d554825]" name="test1" duration-ms="811" started-at="2019-09-29T06:01:53Z" data-provider="getData" finished-at="2019-09-29T06:01:53Z">
          <params>
            <param index="0">
              <value>
                <![CDATA[shashankrast]]>
              </value>
            </param>
            <param index="1">
              <value>
                <![CDATA[passwo]]>
              </value>
            </param>
          </params>
          <reporter-output>
          </reporter-output>
        </test-method> <!-- test1 -->
        <test-method status="PASS" signature="afterClass(org.testng.ITestResult)[pri:0, instance:basePackage.Test1@2d554825]" name="afterClass" is-config="true" duration-ms="662" started-at="2019-09-29T06:01:53Z" finished-at="2019-09-29T06:01:54Z">
          <params>
            <param index="0">
              <value>
                <![CDATA[[TestResult name=test1 status=SUCCESS method=Test1.test1(java.lang.String, java.lang.String)[pri:0, instance:basePackage.Test1@2d554825] output={null}]]]>
              </value>
            </param>
          </params>
          <reporter-output>
          </reporter-output>
        </test-method> <!-- afterClass -->
        <test-method status="PASS" signature="beforeMethod()[pri:0, instance:basePackage.Test1@2d554825]" name="beforeMethod" is-config="true" duration-ms="6827" started-at="2019-09-29T06:01:54Z" finished-at="2019-09-29T06:02:01Z">
          <reporter-output>
          </reporter-output>
        </test-method> <!-- beforeMethod -->
        <test-method status="PASS" signature="test1(java.lang.String, java.lang.String)[pri:0, instance:basePackage.Test1@2d554825]" name="test1" duration-ms="708" started-at="2019-09-29T06:02:01Z" data-provider="getData" finished-at="2019-09-29T06:02:02Z">
          <params>
            <param index="0">
              <value>
                <![CDATA[shashankrast]]>
              </value>
            </param>
            <param index="1">
              <value>
                <![CDATA[password]]>
              </value>
            </param>
          </params>
          <reporter-output>
          </reporter-output>
        </test-method> <!-- test1 -->
        <test-method status="PASS" signature="afterClass(org.testng.ITestResult)[pri:0, instance:basePackage.Test1@2d554825]" name="afterClass" is-config="true" duration-ms="1045" started-at="2019-09-29T06:02:02Z" finished-at="2019-09-29T06:02:03Z">
          <params>
            <param index="0">
              <value>
                <![CDATA[[TestResult name=test1 status=SUCCESS method=Test1.test1(java.lang.String, java.lang.String)[pri:0, instance:basePackage.Test1@2d554825] output={null}]]]>
              </value>
            </param>
          </params>
          <reporter-output>
          </reporter-output>
        </test-method> <!-- afterClass -->
        <test-method status="PASS" signature="beforeMethod()[pri:0, instance:basePackage.Test1@2d554825]" name="beforeMethod" is-config="true" duration-ms="6928" started-at="2019-09-29T06:02:03Z" finished-at="2019-09-29T06:02:10Z">
          <reporter-output>
          </reporter-output>
        </test-method> <!-- beforeMethod -->
        <test-method status="PASS" signature="test1(java.lang.String, java.lang.String)[pri:0, instance:basePackage.Test1@2d554825]" name="test1" duration-ms="821" started-at="2019-09-29T06:02:10Z" data-provider="getData" finished-at="2019-09-29T06:02:10Z">
          <params>
            <param index="0">
              <value>
                <![CDATA[shashankrast]]>
              </value>
            </param>
            <param index="1">
              <value>
                <![CDATA[password1]]>
              </value>
            </param>
          </params>
          <reporter-output>
          </reporter-output>
        </test-method> <!-- test1 -->
        <test-method status="PASS" signature="afterClass(org.testng.ITestResult)[pri:0, instance:basePackage.Test1@2d554825]" name="afterClass" is-config="true" duration-ms="672" started-at="2019-09-29T06:02:10Z" finished-at="2019-09-29T06:02:11Z">
          <params>
            <param index="0">
              <value>
                <![CDATA[[TestResult name=test1 status=SUCCESS method=Test1.test1(java.lang.String, java.lang.String)[pri:0, instance:basePackage.Test1@2d554825] output={null}]]]>
              </value>
            </param>
          </params>
          <reporter-output>
          </reporter-output>
        </test-method> <!-- afterClass -->
        <test-method status="PASS" signature="beforeMethod()[pri:0, instance:basePackage.Test1@2d554825]" name="beforeMethod" is-config="true" duration-ms="8202" started-at="2019-09-29T06:02:11Z" finished-at="2019-09-29T06:02:19Z">
          <reporter-output>
          </reporter-output>
        </test-method> <!-- beforeMethod -->
        <test-method status="PASS" signature="test1(java.lang.String, java.lang.String)[pri:0, instance:basePackage.Test1@2d554825]" name="test1" duration-ms="780" started-at="2019-09-29T06:02:19Z" data-provider="getData" finished-at="2019-09-29T06:02:20Z">
          <params>
            <param index="0">
              <value>
                <![CDATA[shashankrast]]>
              </value>
            </param>
            <param index="1">
              <value>
                <![CDATA[pas]]>
              </value>
            </param>
          </params>
          <reporter-output>
          </reporter-output>
        </test-method> <!-- test1 -->
        <test-method status="PASS" signature="afterClass(org.testng.ITestResult)[pri:0, instance:basePackage.Test1@2d554825]" name="afterClass" is-config="true" duration-ms="668" started-at="2019-09-29T06:02:20Z" finished-at="2019-09-29T06:02:21Z">
          <params>
            <param index="0">
              <value>
                <![CDATA[[TestResult name=test1 status=SUCCESS method=Test1.test1(java.lang.String, java.lang.String)[pri:0, instance:basePackage.Test1@2d554825] output={null}]]]>
              </value>
            </param>
          </params>
          <reporter-output>
          </reporter-output>
        </test-method> <!-- afterClass -->
        <test-method status="PASS" signature="beforeMethod()[pri:0, instance:basePackage.Test1@2d554825]" name="beforeMethod" is-config="true" duration-ms="6512" started-at="2019-09-29T06:02:21Z" finished-at="2019-09-29T06:02:27Z">
          <reporter-output>
          </reporter-output>
        </test-method> <!-- beforeMethod -->
        <test-method status="PASS" signature="test1(java.lang.String, java.lang.String)[pri:0, instance:basePackage.Test1@2d554825]" name="test1" duration-ms="771" started-at="2019-09-29T06:02:27Z" data-provider="getData" finished-at="2019-09-29T06:02:28Z">
          <params>
            <param index="0">
              <value>
                <![CDATA[shashankrast]]>
              </value>
            </param>
            <param index="1">
              <value>
                <![CDATA[password11]]>
              </value>
            </param>
          </params>
          <reporter-output>
          </reporter-output>
        </test-method> <!-- test1 -->
        <test-method status="PASS" signature="afterClass(org.testng.ITestResult)[pri:0, instance:basePackage.Test1@2d554825]" name="afterClass" is-config="true" duration-ms="646" started-at="2019-09-29T06:02:28Z" finished-at="2019-09-29T06:02:29Z">
          <params>
            <param index="0">
              <value>
                <![CDATA[[TestResult name=test1 status=SUCCESS method=Test1.test1(java.lang.String, java.lang.String)[pri:0, instance:basePackage.Test1@2d554825] output={null}]]]>
              </value>
            </param>
          </params>
          <reporter-output>
          </reporter-output>
        </test-method> <!-- afterClass -->
        <test-method status="PASS" signature="beforeMethod()[pri:0, instance:basePackage.Test1@2d554825]" name="beforeMethod" is-config="true" duration-ms="6280" started-at="2019-09-29T06:02:29Z" finished-at="2019-09-29T06:02:35Z">
          <reporter-output>
          </reporter-output>
        </test-method> <!-- beforeMethod -->
        <test-method status="PASS" signature="test1(java.lang.String, java.lang.String)[pri:0, instance:basePackage.Test1@2d554825]" name="test1" duration-ms="689" started-at="2019-09-29T06:02:35Z" data-provider="getData" finished-at="2019-09-29T06:02:36Z">
          <params>
            <param index="0">
              <value>
                <![CDATA[shas]]>
              </value>
            </param>
            <param index="1">
              <value>
                <![CDATA[pass]]>
              </value>
            </param>
          </params>
          <reporter-output>
          </reporter-output>
        </test-method> <!-- test1 -->
        <test-method status="PASS" signature="afterClass(org.testng.ITestResult)[pri:0, instance:basePackage.Test1@2d554825]" name="afterClass" is-config="true" duration-ms="675" started-at="2019-09-29T06:02:36Z" finished-at="2019-09-29T06:02:36Z">
          <params>
            <param index="0">
              <value>
                <![CDATA[[TestResult name=test1 status=SUCCESS method=Test1.test1(java.lang.String, java.lang.String)[pri:0, instance:basePackage.Test1@2d554825] output={null}]]]>
              </value>
            </param>
          </params>
          <reporter-output>
          </reporter-output>
        </test-method> <!-- afterClass -->
        <test-method status="PASS" signature="beforeMethod()[pri:0, instance:basePackage.Test1@2d554825]" name="beforeMethod" is-config="true" duration-ms="6300" started-at="2019-09-29T06:02:36Z" finished-at="2019-09-29T06:02:43Z">
          <reporter-output>
          </reporter-output>
        </test-method> <!-- beforeMethod -->
        <test-method status="PASS" signature="test1(java.lang.String, java.lang.String)[pri:0, instance:basePackage.Test1@2d554825]" name="test1" duration-ms="720" started-at="2019-09-29T06:02:43Z" data-provider="getData" finished-at="2019-09-29T06:02:43Z">
          <params>
            <param index="0">
              <value>
                <![CDATA[shas]]>
              </value>
            </param>
            <param index="1">
              <value>
                <![CDATA[passw]]>
              </value>
            </param>
          </params>
          <reporter-output>
          </reporter-output>
        </test-method> <!-- test1 -->
        <test-method status="PASS" signature="afterClass(org.testng.ITestResult)[pri:0, instance:basePackage.Test1@2d554825]" name="afterClass" is-config="true" duration-ms="655" started-at="2019-09-29T06:02:43Z" finished-at="2019-09-29T06:02:44Z">
          <params>
            <param index="0">
              <value>
                <![CDATA[[TestResult name=test1 status=SUCCESS method=Test1.test1(java.lang.String, java.lang.String)[pri:0, instance:basePackage.Test1@2d554825] output={null}]]]>
              </value>
            </param>
          </params>
          <reporter-output>
          </reporter-output>
        </test-method> <!-- afterClass -->
        <test-method status="PASS" signature="beforeMethod()[pri:0, instance:basePackage.Test1@2d554825]" name="beforeMethod" is-config="true" duration-ms="6964" started-at="2019-09-29T06:02:44Z" finished-at="2019-09-29T06:02:51Z">
          <reporter-output>
          </reporter-output>
        </test-method> <!-- beforeMethod -->
        <test-method status="PASS" signature="test1(java.lang.String, java.lang.String)[pri:0, instance:basePackage.Test1@2d554825]" name="test1" duration-ms="787" started-at="2019-09-29T06:02:51Z" data-provider="getData" finished-at="2019-09-29T06:02:52Z">
          <params>
            <param index="0">
              <value>
                <![CDATA[shas]]>
              </value>
            </param>
            <param index="1">
              <value>
                <![CDATA[passwo]]>
              </value>
            </param>
          </params>
          <reporter-output>
          </reporter-output>
        </test-method> <!-- test1 -->
        <test-method status="PASS" signature="afterClass(org.testng.ITestResult)[pri:0, instance:basePackage.Test1@2d554825]" name="afterClass" is-config="true" duration-ms="829" started-at="2019-09-29T06:02:52Z" finished-at="2019-09-29T06:02:53Z">
          <params>
            <param index="0">
              <value>
                <![CDATA[[TestResult name=test1 status=SUCCESS method=Test1.test1(java.lang.String, java.lang.String)[pri:0, instance:basePackage.Test1@2d554825] output={null}]]]>
              </value>
            </param>
          </params>
          <reporter-output>
          </reporter-output>
        </test-method> <!-- afterClass -->
        <test-method status="PASS" signature="beforeMethod()[pri:0, instance:basePackage.Test1@2d554825]" name="beforeMethod" is-config="true" duration-ms="6485" started-at="2019-09-29T06:02:53Z" finished-at="2019-09-29T06:02:59Z">
          <reporter-output>
          </reporter-output>
        </test-method> <!-- beforeMethod -->
        <test-method status="PASS" signature="test1(java.lang.String, java.lang.String)[pri:0, instance:basePackage.Test1@2d554825]" name="test1" duration-ms="724" started-at="2019-09-29T06:02:59Z" data-provider="getData" finished-at="2019-09-29T06:03:00Z">
          <params>
            <param index="0">
              <value>
                <![CDATA[shas]]>
              </value>
            </param>
            <param index="1">
              <value>
                <![CDATA[password]]>
              </value>
            </param>
          </params>
          <reporter-output>
          </reporter-output>
        </test-method> <!-- test1 -->
        <test-method status="PASS" signature="afterClass(org.testng.ITestResult)[pri:0, instance:basePackage.Test1@2d554825]" name="afterClass" is-config="true" duration-ms="666" started-at="2019-09-29T06:03:00Z" finished-at="2019-09-29T06:03:00Z">
          <params>
            <param index="0">
              <value>
                <![CDATA[[TestResult name=test1 status=SUCCESS method=Test1.test1(java.lang.String, java.lang.String)[pri:0, instance:basePackage.Test1@2d554825] output={null}]]]>
              </value>
            </param>
          </params>
          <reporter-output>
          </reporter-output>
        </test-method> <!-- afterClass -->
        <test-method status="PASS" signature="beforeMethod()[pri:0, instance:basePackage.Test1@2d554825]" name="beforeMethod" is-config="true" duration-ms="7078" started-at="2019-09-29T06:03:00Z" finished-at="2019-09-29T06:03:08Z">
          <reporter-output>
          </reporter-output>
        </test-method> <!-- beforeMethod -->
        <test-method status="PASS" signature="test1(java.lang.String, java.lang.String)[pri:0, instance:basePackage.Test1@2d554825]" name="test1" duration-ms="766" started-at="2019-09-29T06:03:08Z" data-provider="getData" finished-at="2019-09-29T06:03:08Z">
          <params>
            <param index="0">
              <value>
                <![CDATA[shas]]>
              </value>
            </param>
            <param index="1">
              <value>
                <![CDATA[password1]]>
              </value>
            </param>
          </params>
          <reporter-output>
          </reporter-output>
        </test-method> <!-- test1 -->
        <test-method status="PASS" signature="afterClass(org.testng.ITestResult)[pri:0, instance:basePackage.Test1@2d554825]" name="afterClass" is-config="true" duration-ms="681" started-at="2019-09-29T06:03:08Z" finished-at="2019-09-29T06:03:09Z">
          <params>
            <param index="0">
              <value>
                <![CDATA[[TestResult name=test1 status=SUCCESS method=Test1.test1(java.lang.String, java.lang.String)[pri:0, instance:basePackage.Test1@2d554825] output={null}]]]>
              </value>
            </param>
          </params>
          <reporter-output>
          </reporter-output>
        </test-method> <!-- afterClass -->
        <test-method status="PASS" signature="beforeMethod()[pri:0, instance:basePackage.Test1@2d554825]" name="beforeMethod" is-config="true" duration-ms="6915" started-at="2019-09-29T06:03:09Z" finished-at="2019-09-29T06:03:16Z">
          <reporter-output>
          </reporter-output>
        </test-method> <!-- beforeMethod -->
        <test-method status="PASS" signature="test1(java.lang.String, java.lang.String)[pri:0, instance:basePackage.Test1@2d554825]" name="test1" duration-ms="779" started-at="2019-09-29T06:03:16Z" data-provider="getData" finished-at="2019-09-29T06:03:17Z">
          <params>
            <param index="0">
              <value>
                <![CDATA[shas]]>
              </value>
            </param>
            <param index="1">
              <value>
                <![CDATA[pas]]>
              </value>
            </param>
          </params>
          <reporter-output>
          </reporter-output>
        </test-method> <!-- test1 -->
        <test-method status="PASS" signature="afterClass(org.testng.ITestResult)[pri:0, instance:basePackage.Test1@2d554825]" name="afterClass" is-config="true" duration-ms="801" started-at="2019-09-29T06:03:17Z" finished-at="2019-09-29T06:03:18Z">
          <params>
            <param index="0">
              <value>
                <![CDATA[[TestResult name=test1 status=SUCCESS method=Test1.test1(java.lang.String, java.lang.String)[pri:0, instance:basePackage.Test1@2d554825] output={null}]]]>
              </value>
            </param>
          </params>
          <reporter-output>
          </reporter-output>
        </test-method> <!-- afterClass -->
        <test-method status="PASS" signature="beforeMethod()[pri:0, instance:basePackage.Test1@2d554825]" name="beforeMethod" is-config="true" duration-ms="7399" started-at="2019-09-29T06:03:18Z" finished-at="2019-09-29T06:03:25Z">
          <reporter-output>
          </reporter-output>
        </test-method> <!-- beforeMethod -->
        <test-method status="PASS" signature="test1(java.lang.String, java.lang.String)[pri:0, instance:basePackage.Test1@2d554825]" name="test1" duration-ms="852" started-at="2019-09-29T06:03:25Z" data-provider="getData" finished-at="2019-09-29T06:03:26Z">
          <params>
            <param index="0">
              <value>
                <![CDATA[shas]]>
              </value>
            </param>
            <param index="1">
              <value>
                <![CDATA[password11]]>
              </value>
            </param>
          </params>
          <reporter-output>
          </reporter-output>
        </test-method> <!-- test1 -->
        <test-method status="PASS" signature="afterClass(org.testng.ITestResult)[pri:0, instance:basePackage.Test1@2d554825]" name="afterClass" is-config="true" duration-ms="660" started-at="2019-09-29T06:03:26Z" finished-at="2019-09-29T06:03:26Z">
          <params>
            <param index="0">
              <value>
                <![CDATA[[TestResult name=test1 status=SUCCESS method=Test1.test1(java.lang.String, java.lang.String)[pri:0, instance:basePackage.Test1@2d554825] output={null}]]]>
              </value>
            </param>
          </params>
          <reporter-output>
          </reporter-output>
        </test-method> <!-- afterClass -->
        <test-method status="PASS" signature="beforeMethod()[pri:0, instance:basePackage.Test1@2d554825]" name="beforeMethod" is-config="true" duration-ms="6272" started-at="2019-09-29T06:03:26Z" finished-at="2019-09-29T06:03:33Z">
          <reporter-output>
          </reporter-output>
        </test-method> <!-- beforeMethod -->
        <test-method status="PASS" signature="test1(java.lang.String, java.lang.String)[pri:0, instance:basePackage.Test1@2d554825]" name="test1" duration-ms="805" started-at="2019-09-29T06:03:33Z" data-provider="getData" finished-at="2019-09-29T06:03:34Z">
          <params>
            <param index="0">
              <value>
                <![CDATA[shashankrasto]]>
              </value>
            </param>
            <param index="1">
              <value>
                <![CDATA[pass]]>
              </value>
            </param>
          </params>
          <reporter-output>
          </reporter-output>
        </test-method> <!-- test1 -->
        <test-method status="PASS" signature="afterClass(org.testng.ITestResult)[pri:0, instance:basePackage.Test1@2d554825]" name="afterClass" is-config="true" duration-ms="651" started-at="2019-09-29T06:03:34Z" finished-at="2019-09-29T06:03:34Z">
          <params>
            <param index="0">
              <value>
                <![CDATA[[TestResult name=test1 status=SUCCESS method=Test1.test1(java.lang.String, java.lang.String)[pri:0, instance:basePackage.Test1@2d554825] output={null}]]]>
              </value>
            </param>
          </params>
          <reporter-output>
          </reporter-output>
        </test-method> <!-- afterClass -->
        <test-method status="PASS" signature="beforeMethod()[pri:0, instance:basePackage.Test1@2d554825]" name="beforeMethod" is-config="true" duration-ms="6331" started-at="2019-09-29T06:03:34Z" finished-at="2019-09-29T06:03:40Z">
          <reporter-output>
          </reporter-output>
        </test-method> <!-- beforeMethod -->
        <test-method status="PASS" signature="test1(java.lang.String, java.lang.String)[pri:0, instance:basePackage.Test1@2d554825]" name="test1" duration-ms="847" started-at="2019-09-29T06:03:40Z" data-provider="getData" finished-at="2019-09-29T06:03:41Z">
          <params>
            <param index="0">
              <value>
                <![CDATA[shashankrasto]]>
              </value>
            </param>
            <param index="1">
              <value>
                <![CDATA[passw]]>
              </value>
            </param>
          </params>
          <reporter-output>
          </reporter-output>
        </test-method> <!-- test1 -->
        <test-method status="PASS" signature="afterClass(org.testng.ITestResult)[pri:0, instance:basePackage.Test1@2d554825]" name="afterClass" is-config="true" duration-ms="714" started-at="2019-09-29T06:03:41Z" finished-at="2019-09-29T06:03:42Z">
          <params>
            <param index="0">
              <value>
                <![CDATA[[TestResult name=test1 status=SUCCESS method=Test1.test1(java.lang.String, java.lang.String)[pri:0, instance:basePackage.Test1@2d554825] output={null}]]]>
              </value>
            </param>
          </params>
          <reporter-output>
          </reporter-output>
        </test-method> <!-- afterClass -->
        <test-method status="PASS" signature="beforeMethod()[pri:0, instance:basePackage.Test1@2d554825]" name="beforeMethod" is-config="true" duration-ms="6711" started-at="2019-09-29T06:03:42Z" finished-at="2019-09-29T06:03:49Z">
          <reporter-output>
          </reporter-output>
        </test-method> <!-- beforeMethod -->
        <test-method status="PASS" signature="test1(java.lang.String, java.lang.String)[pri:0, instance:basePackage.Test1@2d554825]" name="test1" duration-ms="808" started-at="2019-09-29T06:03:49Z" data-provider="getData" finished-at="2019-09-29T06:03:50Z">
          <params>
            <param index="0">
              <value>
                <![CDATA[shashankrasto]]>
              </value>
            </param>
            <param index="1">
              <value>
                <![CDATA[passwo]]>
              </value>
            </param>
          </params>
          <reporter-output>
          </reporter-output>
        </test-method> <!-- test1 -->
        <test-method status="PASS" signature="afterClass(org.testng.ITestResult)[pri:0, instance:basePackage.Test1@2d554825]" name="afterClass" is-config="true" duration-ms="683" started-at="2019-09-29T06:03:50Z" finished-at="2019-09-29T06:03:50Z">
          <params>
            <param index="0">
              <value>
                <![CDATA[[TestResult name=test1 status=SUCCESS method=Test1.test1(java.lang.String, java.lang.String)[pri:0, instance:basePackage.Test1@2d554825] output={null}]]]>
              </value>
            </param>
          </params>
          <reporter-output>
          </reporter-output>
        </test-method> <!-- afterClass -->
        <test-method status="PASS" signature="beforeMethod()[pri:0, instance:basePackage.Test1@2d554825]" name="beforeMethod" is-config="true" duration-ms="6263" started-at="2019-09-29T06:03:50Z" finished-at="2019-09-29T06:03:57Z">
          <reporter-output>
          </reporter-output>
        </test-method> <!-- beforeMethod -->
        <test-method status="PASS" signature="test1(java.lang.String, java.lang.String)[pri:0, instance:basePackage.Test1@2d554825]" name="test1" duration-ms="802" started-at="2019-09-29T06:03:57Z" data-provider="getData" finished-at="2019-09-29T06:03:57Z">
          <params>
            <param index="0">
              <value>
                <![CDATA[shashankrasto]]>
              </value>
            </param>
            <param index="1">
              <value>
                <![CDATA[password]]>
              </value>
            </param>
          </params>
          <reporter-output>
          </reporter-output>
        </test-method> <!-- test1 -->
        <test-method status="PASS" signature="afterClass(org.testng.ITestResult)[pri:0, instance:basePackage.Test1@2d554825]" name="afterClass" is-config="true" duration-ms="728" started-at="2019-09-29T06:03:57Z" finished-at="2019-09-29T06:03:58Z">
          <params>
            <param index="0">
              <value>
                <![CDATA[[TestResult name=test1 status=SUCCESS method=Test1.test1(java.lang.String, java.lang.String)[pri:0, instance:basePackage.Test1@2d554825] output={null}]]]>
              </value>
            </param>
          </params>
          <reporter-output>
          </reporter-output>
        </test-method> <!-- afterClass -->
        <test-method status="PASS" signature="beforeMethod()[pri:0, instance:basePackage.Test1@2d554825]" name="beforeMethod" is-config="true" duration-ms="6757" started-at="2019-09-29T06:03:58Z" finished-at="2019-09-29T06:04:05Z">
          <reporter-output>
          </reporter-output>
        </test-method> <!-- beforeMethod -->
        <test-method status="PASS" signature="test1(java.lang.String, java.lang.String)[pri:0, instance:basePackage.Test1@2d554825]" name="test1" duration-ms="871" started-at="2019-09-29T06:04:05Z" data-provider="getData" finished-at="2019-09-29T06:04:06Z">
          <params>
            <param index="0">
              <value>
                <![CDATA[shashankrasto]]>
              </value>
            </param>
            <param index="1">
              <value>
                <![CDATA[password1]]>
              </value>
            </param>
          </params>
          <reporter-output>
          </reporter-output>
        </test-method> <!-- test1 -->
        <test-method status="PASS" signature="afterClass(org.testng.ITestResult)[pri:0, instance:basePackage.Test1@2d554825]" name="afterClass" is-config="true" duration-ms="661" started-at="2019-09-29T06:04:06Z" finished-at="2019-09-29T06:04:06Z">
          <params>
            <param index="0">
              <value>
                <![CDATA[[TestResult name=test1 status=SUCCESS method=Test1.test1(java.lang.String, java.lang.String)[pri:0, instance:basePackage.Test1@2d554825] output={null}]]]>
              </value>
            </param>
          </params>
          <reporter-output>
          </reporter-output>
        </test-method> <!-- afterClass -->
        <test-method status="PASS" signature="beforeMethod()[pri:0, instance:basePackage.Test1@2d554825]" name="beforeMethod" is-config="true" duration-ms="7267" started-at="2019-09-29T06:04:06Z" finished-at="2019-09-29T06:04:14Z">
          <reporter-output>
          </reporter-output>
        </test-method> <!-- beforeMethod -->
        <test-method status="PASS" signature="test1(java.lang.String, java.lang.String)[pri:0, instance:basePackage.Test1@2d554825]" name="test1" duration-ms="900" started-at="2019-09-29T06:04:14Z" data-provider="getData" finished-at="2019-09-29T06:04:15Z">
          <params>
            <param index="0">
              <value>
                <![CDATA[shashankrasto]]>
              </value>
            </param>
            <param index="1">
              <value>
                <![CDATA[pas]]>
              </value>
            </param>
          </params>
          <reporter-output>
          </reporter-output>
        </test-method> <!-- test1 -->
        <test-method status="PASS" signature="afterClass(org.testng.ITestResult)[pri:0, instance:basePackage.Test1@2d554825]" name="afterClass" is-config="true" duration-ms="699" started-at="2019-09-29T06:04:15Z" finished-at="2019-09-29T06:04:15Z">
          <params>
            <param index="0">
              <value>
                <![CDATA[[TestResult name=test1 status=SUCCESS method=Test1.test1(java.lang.String, java.lang.String)[pri:0, instance:basePackage.Test1@2d554825] output={null}]]]>
              </value>
            </param>
          </params>
          <reporter-output>
          </reporter-output>
        </test-method> <!-- afterClass -->
      </class> <!-- basePackage.Test1 -->
    </test> <!-- Command line test -->
  </suite> <!-- Command line suite -->
</testng-results>
